<?xml version="1.0" encoding="UTF-8"?>
<testsuite name="com.example.jwt.unit.rankUnitTests.RankControllerUnitTests" tests="1" skipped="0" failures="0" errors="0" timestamp="2022-10-24T12:01:11" hostname="DESKTOP-U0G9RCA" time="0.014">
  <properties/>
  <testcase name="Hello" classname="com.example.jwt.unit.rankUnitTests.RankControllerUnitTests" time="0.014"/>
  <system-out><![CDATA[2022-10-24 14:01:10.210  INFO 35552 --- [    Test worker] .b.t.c.SpringBootTestContextBootstrapper : Neither @ContextConfiguration nor @ContextHierarchy found for test class [com.example.jwt.unit.rankUnitTests.RankControllerUnitTests], using SpringBootContextLoader
2022-10-24 14:01:10.210  INFO 35552 --- [    Test worker] o.s.t.c.support.AbstractContextLoader    : Could not detect default resource locations for test class [com.example.jwt.unit.rankUnitTests.RankControllerUnitTests]: no resource found for suffixes {-context.xml, Context.groovy}.
2022-10-24 14:01:10.211  INFO 35552 --- [    Test worker] t.c.s.AnnotationConfigContextLoaderUtils : Could not detect default configuration classes for test class [com.example.jwt.unit.rankUnitTests.RankControllerUnitTests]: RankControllerUnitTests does not declare any static, non-private, non-final, nested classes annotated with @Configuration.
2022-10-24 14:01:10.215  INFO 35552 --- [    Test worker] .b.t.c.SpringBootTestContextBootstrapper : Found @SpringBootConfiguration com.example.jwt.JwtApplication for test class com.example.jwt.unit.rankUnitTests.RankControllerUnitTests
2022-10-24 14:01:10.216  INFO 35552 --- [    Test worker] .b.t.c.SpringBootTestContextBootstrapper : Loaded default TestExecutionListener class names from location [META-INF/spring.factories]: [org.springframework.security.test.context.support.WithSecurityContextTestExecutionListener, org.springframework.security.test.context.support.ReactorContextTestExecutionListener, org.springframework.boot.test.autoconfigure.restdocs.RestDocsTestExecutionListener, org.springframework.boot.test.autoconfigure.web.client.MockRestServiceServerResetTestExecutionListener, org.springframework.boot.test.autoconfigure.web.servlet.MockMvcPrintOnlyOnFailureTestExecutionListener, org.springframework.boot.test.autoconfigure.web.servlet.WebDriverTestExecutionListener, org.springframework.boot.test.autoconfigure.webservices.client.MockWebServiceServerTestExecutionListener, org.springframework.boot.test.mock.mockito.MockitoTestExecutionListener, org.springframework.boot.test.mock.mockito.ResetMocksTestExecutionListener, org.springframework.test.context.web.ServletTestExecutionListener, org.springframework.test.context.support.DirtiesContextBeforeModesTestExecutionListener, org.springframework.test.context.event.ApplicationEventsTestExecutionListener, org.springframework.test.context.support.DependencyInjectionTestExecutionListener, org.springframework.test.context.support.DirtiesContextTestExecutionListener, org.springframework.test.context.transaction.TransactionalTestExecutionListener, org.springframework.test.context.jdbc.SqlScriptsTestExecutionListener, org.springframework.test.context.event.EventPublishingTestExecutionListener]
2022-10-24 14:01:10.217  INFO 35552 --- [    Test worker] .b.t.c.SpringBootTestContextBootstrapper : Using TestExecutionListeners: [org.springframework.test.context.web.ServletTestExecutionListener@6e12352d, org.springframework.test.context.support.DirtiesContextBeforeModesTestExecutionListener@50e31126, org.springframework.test.context.event.ApplicationEventsTestExecutionListener@2eac7950, org.springframework.boot.test.mock.mockito.MockitoTestExecutionListener@a404535, org.springframework.boot.test.autoconfigure.SpringBootDependencyInjectionTestExecutionListener@7584b20d, org.springframework.test.context.support.DirtiesContextTestExecutionListener@3d26e7ba, org.springframework.test.context.transaction.TransactionalTestExecutionListener@708d7fb7, org.springframework.test.context.jdbc.SqlScriptsTestExecutionListener@786ce57e, org.springframework.security.test.context.support.WithSecurityContextTestExecutionListener@28a824a4, org.springframework.test.context.event.EventPublishingTestExecutionListener@22b91d3c, org.springframework.security.test.context.support.ReactorContextTestExecutionListener@3952be1b, org.springframework.boot.test.autoconfigure.restdocs.RestDocsTestExecutionListener@260aeb5a, org.springframework.boot.test.autoconfigure.web.client.MockRestServiceServerResetTestExecutionListener@4f6e663b, org.springframework.boot.test.autoconfigure.web.servlet.MockMvcPrintOnlyOnFailureTestExecutionListener@2554d217, org.springframework.boot.test.autoconfigure.web.servlet.WebDriverTestExecutionListener@95a02c0, org.springframework.boot.test.autoconfigure.webservices.client.MockWebServiceServerTestExecutionListener@787b688a, org.springframework.boot.test.mock.mockito.ResetMocksTestExecutionListener@44988600]

  .   ____          _            __ _ _
 /\\ / ___'_ __ _ _(_)_ __  __ _ \ \ \ \
( ( )\___ | '_ | '_| | '_ \/ _` | \ \ \ \
 \\/  ___)| |_)| | | | | || (_| |  ) ) ) )
  '  |____| .__|_| |_|_| |_\__, | / / / /
 =========|_|==============|___/=/_/_/_/
 :: Spring Boot ::                (v2.7.2)

2022-10-24 14:01:10.233  INFO 35552 --- [    Test worker] c.e.j.u.r.RankControllerUnitTests        : Starting RankControllerUnitTests using Java 17.0.3 on DESKTOP-U0G9RCA with PID 35552 (started by tortu in C:\Users\tortu\Documents\MeiLeaf_TeaProject)
2022-10-24 14:01:10.233  INFO 35552 --- [    Test worker] c.e.j.u.r.RankControllerUnitTests        : The following 1 profile is active: "test"
2022-10-24 14:01:10.358  INFO 35552 --- [    Test worker] .s.d.r.c.RepositoryConfigurationDelegate : Bootstrapping Spring Data JPA repositories in DEFAULT mode.
2022-10-24 14:01:10.386  INFO 35552 --- [    Test worker] .s.d.r.c.RepositoryConfigurationDelegate : Finished Spring Data repository scanning in 27 ms. Found 9 JPA repository interfaces.
2022-10-24 14:01:10.469  INFO 35552 --- [    Test worker] o.hibernate.jpa.internal.util.LogHelper  : HHH000204: Processing PersistenceUnitInfo [name: default]
2022-10-24 14:01:10.475  INFO 35552 --- [    Test worker] com.zaxxer.hikari.HikariDataSource       : HikariPool-7 - Starting...
2022-10-24 14:01:10.476  INFO 35552 --- [    Test worker] com.zaxxer.hikari.HikariDataSource       : HikariPool-7 - Start completed.
2022-10-24 14:01:10.477  INFO 35552 --- [    Test worker] org.hibernate.dialect.Dialect            : HHH000400: Using dialect: org.hibernate.dialect.H2Dialect
2022-10-24 14:01:10.536  INFO 35552 --- [    Test worker] o.h.e.t.j.p.i.JtaPlatformInitiator       : HHH000490: Using JtaPlatform implementation: [org.hibernate.engine.transaction.jta.platform.internal.NoJtaPlatform]
2022-10-24 14:01:10.537  INFO 35552 --- [    Test worker] j.LocalContainerEntityManagerFactoryBean : Initialized JPA EntityManagerFactory for persistence unit 'default'
2022-10-24 14:01:10.685  INFO 35552 --- [    Test worker] o.s.s.web.DefaultSecurityFilterChain     : Will secure any request with [org.springframework.security.web.session.DisableEncodeUrlFilter@4e9eb9b6, org.springframework.security.web.context.request.async.WebAsyncManagerIntegrationFilter@27294098, org.springframework.security.web.context.SecurityContextPersistenceFilter@5c25207, org.springframework.security.web.header.HeaderWriterFilter@5747a07c, org.springframework.web.filter.CorsFilter@e35d91b, org.springframework.security.web.authentication.logout.LogoutFilter@c9ec20e, com.example.jwt.core.security.CustomAuthenticationFilter@78a9991a, com.example.jwt.core.security.CustomAuthorizationFilter@43c1dcb0, org.springframework.security.web.savedrequest.RequestCacheAwareFilter@40d1d34d, org.springframework.security.web.servletapi.SecurityContextHolderAwareRequestFilter@2affcf6b, org.springframework.security.web.authentication.AnonymousAuthenticationFilter@2e0169d0, org.springframework.security.web.session.SessionManagementFilter@3aa1669a, org.springframework.security.web.access.ExceptionTranslationFilter@1e2b7fa5, org.springframework.security.web.access.intercept.FilterSecurityInterceptor@7c315b7c]
2022-10-24 14:01:10.754  WARN 35552 --- [    Test worker] JpaBaseConfiguration$JpaWebConfiguration : spring.jpa.open-in-view is enabled by default. Therefore, database queries may be performed during view rendering. Explicitly configure spring.jpa.open-in-view to disable this warning
2022-10-24 14:01:11.036  INFO 35552 --- [    Test worker] o.s.b.t.m.w.SpringBootMockServletContext : Initializing Spring TestDispatcherServlet ''
2022-10-24 14:01:11.036  INFO 35552 --- [    Test worker] o.s.t.web.servlet.TestDispatcherServlet  : Initializing Servlet ''
2022-10-24 14:01:11.037  INFO 35552 --- [    Test worker] o.s.t.web.servlet.TestDispatcherServlet  : Completed initialization in 1 ms
2022-10-24 14:01:11.044  INFO 35552 --- [    Test worker] c.e.j.u.r.RankControllerUnitTests        : Started RankControllerUnitTests in 0.827 seconds (JVM running for 16.618)
]]></system-out>
  <system-err><![CDATA[]]></system-err>
</testsuite>
