<?xml version="1.0" encoding="UTF-8"?>
<testsuite name="com.example.jwt.unit.orderUnitTests.OrderServiceImplUnitTest" tests="6" skipped="0" failures="0" errors="0" timestamp="2022-10-24T12:01:10" hostname="DESKTOP-U0G9RCA" time="0.09">
  <properties/>
  <testcase name="findById_requestProductById_expectProduct()" classname="com.example.jwt.unit.orderUnitTests.OrderServiceImplUnitTest" time="0.076"/>
  <testcase name="calculateSeedsAndRank_requestOrder_expectOrder()" classname="com.example.jwt.unit.orderUnitTests.OrderServiceImplUnitTest" time="0.003"/>
  <testcase name="isOrderValid_requestOrderPosition_expectOrderPosition()" classname="com.example.jwt.unit.orderUnitTests.OrderServiceImplUnitTest" time="0.002"/>
  <testcase name="isRankHighEnough_requestOrder_expectOrder()" classname="com.example.jwt.unit.orderUnitTests.OrderServiceImplUnitTest" time="0.001"/>
  <testcase name="isUserOldEnough_requestUser_expectUser()" classname="com.example.jwt.unit.orderUnitTests.OrderServiceImplUnitTest" time="0.001"/>
  <testcase name="createOrder_requestCreateOrder_expectNewOrder()" classname="com.example.jwt.unit.orderUnitTests.OrderServiceImplUnitTest" time="0.003"/>
  <system-out><![CDATA[]]></system-out>
  <system-err><![CDATA[]]></system-err>
</testsuite>
