<?xml version="1.0" encoding="UTF-8"?>
<testsuite name="com.example.jwt.unit.orderUnitTests.OrderControllerUnitTests" tests="2" skipped="0" failures="0" errors="0" timestamp="2022-10-24T12:01:09" hostname="DESKTOP-U0G9RCA" time="0.047">
  <properties/>
  <testcase name="findOwn_findOwnOrder_expectOwnOrderAsDTOS()" classname="com.example.jwt.unit.orderUnitTests.OrderControllerUnitTests" time="0.029"/>
  <testcase name="save_saveOrder_expectSavedOrderAsDTOS()" classname="com.example.jwt.unit.orderUnitTests.OrderControllerUnitTests" time="0.017"/>
  <system-out><![CDATA[2022-10-24 14:01:08.259  INFO 35552 --- [    Test worker] .b.t.c.SpringBootTestContextBootstrapper : Neither @ContextConfiguration nor @ContextHierarchy found for test class [com.example.jwt.unit.orderUnitTests.OrderControllerUnitTests], using SpringBootContextLoader
2022-10-24 14:01:08.260  INFO 35552 --- [    Test worker] o.s.t.c.support.AbstractContextLoader    : Could not detect default resource locations for test class [com.example.jwt.unit.orderUnitTests.OrderControllerUnitTests]: no resource found for suffixes {-context.xml, Context.groovy}.
2022-10-24 14:01:08.260  INFO 35552 --- [    Test worker] t.c.s.AnnotationConfigContextLoaderUtils : Could not detect default configuration classes for test class [com.example.jwt.unit.orderUnitTests.OrderControllerUnitTests]: OrderControllerUnitTests does not declare any static, non-private, non-final, nested classes annotated with @Configuration.
2022-10-24 14:01:08.266  INFO 35552 --- [    Test worker] .b.t.c.SpringBootTestContextBootstrapper : Found @SpringBootConfiguration com.example.jwt.JwtApplication for test class com.example.jwt.unit.orderUnitTests.OrderControllerUnitTests
2022-10-24 14:01:08.267  INFO 35552 --- [    Test worker] .b.t.c.SpringBootTestContextBootstrapper : Loaded default TestExecutionListener class names from location [META-INF/spring.factories]: [org.springframework.security.test.context.support.WithSecurityContextTestExecutionListener, org.springframework.security.test.context.support.ReactorContextTestExecutionListener, org.springframework.boot.test.autoconfigure.restdocs.RestDocsTestExecutionListener, org.springframework.boot.test.autoconfigure.web.client.MockRestServiceServerResetTestExecutionListener, org.springframework.boot.test.autoconfigure.web.servlet.MockMvcPrintOnlyOnFailureTestExecutionListener, org.springframework.boot.test.autoconfigure.web.servlet.WebDriverTestExecutionListener, org.springframework.boot.test.autoconfigure.webservices.client.MockWebServiceServerTestExecutionListener, org.springframework.boot.test.mock.mockito.MockitoTestExecutionListener, org.springframework.boot.test.mock.mockito.ResetMocksTestExecutionListener, org.springframework.test.context.web.ServletTestExecutionListener, org.springframework.test.context.support.DirtiesContextBeforeModesTestExecutionListener, org.springframework.test.context.event.ApplicationEventsTestExecutionListener, org.springframework.test.context.support.DependencyInjectionTestExecutionListener, org.springframework.test.context.support.DirtiesContextTestExecutionListener, org.springframework.test.context.transaction.TransactionalTestExecutionListener, org.springframework.test.context.jdbc.SqlScriptsTestExecutionListener, org.springframework.test.context.event.EventPublishingTestExecutionListener]
2022-10-24 14:01:08.268  INFO 35552 --- [    Test worker] .b.t.c.SpringBootTestContextBootstrapper : Using TestExecutionListeners: [org.springframework.test.context.web.ServletTestExecutionListener@653b49c4, org.springframework.test.context.support.DirtiesContextBeforeModesTestExecutionListener@687eb9c9, org.springframework.test.context.event.ApplicationEventsTestExecutionListener@203737fb, org.springframework.boot.test.mock.mockito.MockitoTestExecutionListener@34abfd7f, org.springframework.boot.test.autoconfigure.SpringBootDependencyInjectionTestExecutionListener@be1f747, org.springframework.test.context.support.DirtiesContextTestExecutionListener@164ca703, org.springframework.test.context.transaction.TransactionalTestExecutionListener@f5dd2de, org.springframework.test.context.jdbc.SqlScriptsTestExecutionListener@64f6964f, org.springframework.security.test.context.support.WithSecurityContextTestExecutionListener@60291e59, org.springframework.test.context.event.EventPublishingTestExecutionListener@13aed9e0, org.springframework.security.test.context.support.ReactorContextTestExecutionListener@72842269, org.springframework.boot.test.autoconfigure.restdocs.RestDocsTestExecutionListener@22908698, org.springframework.boot.test.autoconfigure.web.client.MockRestServiceServerResetTestExecutionListener@a638f45, org.springframework.boot.test.autoconfigure.web.servlet.MockMvcPrintOnlyOnFailureTestExecutionListener@6fe73630, org.springframework.boot.test.autoconfigure.web.servlet.WebDriverTestExecutionListener@3c23d6cf, org.springframework.boot.test.autoconfigure.webservices.client.MockWebServiceServerTestExecutionListener@1a212395, org.springframework.boot.test.mock.mockito.ResetMocksTestExecutionListener@c2e9e33]

  .   ____          _            __ _ _
 /\\ / ___'_ __ _ _(_)_ __  __ _ \ \ \ \
( ( )\___ | '_ | '_| | '_ \/ _` | \ \ \ \
 \\/  ___)| |_)| | | | | || (_| |  ) ) ) )
  '  |____| .__|_| |_|_| |_\__, | / / / /
 =========|_|==============|___/=/_/_/_/
 :: Spring Boot ::                (v2.7.2)

2022-10-24 14:01:08.288  INFO 35552 --- [    Test worker] c.e.j.u.o.OrderControllerUnitTests       : Starting OrderControllerUnitTests using Java 17.0.3 on DESKTOP-U0G9RCA with PID 35552 (started by tortu in C:\Users\tortu\Documents\MeiLeaf_TeaProject)
2022-10-24 14:01:08.288  INFO 35552 --- [    Test worker] c.e.j.u.o.OrderControllerUnitTests       : The following 1 profile is active: "test"
2022-10-24 14:01:08.387  INFO 35552 --- [    Test worker] .s.d.r.c.RepositoryConfigurationDelegate : Bootstrapping Spring Data JPA repositories in DEFAULT mode.
2022-10-24 14:01:08.414  INFO 35552 --- [    Test worker] .s.d.r.c.RepositoryConfigurationDelegate : Finished Spring Data repository scanning in 26 ms. Found 9 JPA repository interfaces.
2022-10-24 14:01:08.528  INFO 35552 --- [    Test worker] o.hibernate.jpa.internal.util.LogHelper  : HHH000204: Processing PersistenceUnitInfo [name: default]
2022-10-24 14:01:08.536  INFO 35552 --- [    Test worker] com.zaxxer.hikari.HikariDataSource       : HikariPool-6 - Starting...
2022-10-24 14:01:08.538  INFO 35552 --- [    Test worker] com.zaxxer.hikari.HikariDataSource       : HikariPool-6 - Start completed.
2022-10-24 14:01:08.538  INFO 35552 --- [    Test worker] org.hibernate.dialect.Dialect            : HHH000400: Using dialect: org.hibernate.dialect.H2Dialect
2022-10-24 14:01:08.616  INFO 35552 --- [    Test worker] o.h.e.t.j.p.i.JtaPlatformInitiator       : HHH000490: Using JtaPlatform implementation: [org.hibernate.engine.transaction.jta.platform.internal.NoJtaPlatform]
2022-10-24 14:01:08.616  INFO 35552 --- [    Test worker] j.LocalContainerEntityManagerFactoryBean : Initialized JPA EntityManagerFactory for persistence unit 'default'
2022-10-24 14:01:08.765  INFO 35552 --- [    Test worker] o.s.s.web.DefaultSecurityFilterChain     : Will secure any request with [org.springframework.security.web.session.DisableEncodeUrlFilter@3030a20, org.springframework.security.web.context.request.async.WebAsyncManagerIntegrationFilter@331d7260, org.springframework.security.web.context.SecurityContextPersistenceFilter@280cc940, org.springframework.security.web.header.HeaderWriterFilter@682f9202, org.springframework.web.filter.CorsFilter@6086ba82, org.springframework.security.web.authentication.logout.LogoutFilter@1c510181, com.example.jwt.core.security.CustomAuthenticationFilter@1065f09, com.example.jwt.core.security.CustomAuthorizationFilter@1acf0703, org.springframework.security.web.savedrequest.RequestCacheAwareFilter@6a478680, org.springframework.security.web.servletapi.SecurityContextHolderAwareRequestFilter@7eecb648, org.springframework.security.web.authentication.AnonymousAuthenticationFilter@4219e848, org.springframework.security.web.session.SessionManagementFilter@5d3e24e2, org.springframework.security.web.access.ExceptionTranslationFilter@68955382, org.springframework.security.web.access.intercept.FilterSecurityInterceptor@6d618003]
2022-10-24 14:01:08.837  WARN 35552 --- [    Test worker] JpaBaseConfiguration$JpaWebConfiguration : spring.jpa.open-in-view is enabled by default. Therefore, database queries may be performed during view rendering. Explicitly configure spring.jpa.open-in-view to disable this warning
2022-10-24 14:01:09.047  INFO 35552 --- [    Test worker] o.s.b.t.m.w.SpringBootMockServletContext : Initializing Spring TestDispatcherServlet ''
2022-10-24 14:01:09.047  INFO 35552 --- [    Test worker] o.s.t.web.servlet.TestDispatcherServlet  : Initializing Servlet ''
2022-10-24 14:01:09.047  INFO 35552 --- [    Test worker] o.s.t.web.servlet.TestDispatcherServlet  : Completed initialization in 0 ms
2022-10-24 14:01:09.057  INFO 35552 --- [    Test worker] c.e.j.u.o.OrderControllerUnitTests       : Started OrderControllerUnitTests in 0.786 seconds (JVM running for 14.63)
]]></system-out>
  <system-err><![CDATA[]]></system-err>
</testsuite>
