<?xml version="1.0" encoding="UTF-8"?>
<testsuite name="com.example.jwt.unit.orderUnitTests.OrderRepositoryUnitTest" tests="2" skipped="1" failures="0" errors="0" timestamp="2022-10-24T12:01:09" hostname="DESKTOP-U0G9RCA" time="0.623">
  <properties/>
  <testcase name="findById_requestOrderId_expectOrder()" classname="com.example.jwt.unit.orderUnitTests.OrderRepositoryUnitTest" time="0.622"/>
  <testcase name="findAll_requestAllOrders_expectAllOrders()" classname="com.example.jwt.unit.orderUnitTests.OrderRepositoryUnitTest" time="0.0">
    <skipped/>
  </testcase>
  <system-out><![CDATA[2022-10-24 14:01:09.109  INFO 35552 --- [    Test worker] b.t.a.o.j.DataJpaTestContextBootstrapper : Neither @ContextConfiguration nor @ContextHierarchy found for test class [com.example.jwt.unit.orderUnitTests.OrderRepositoryUnitTest], using SpringBootContextLoader
2022-10-24 14:01:09.110  INFO 35552 --- [    Test worker] o.s.t.c.support.AbstractContextLoader    : Could not detect default resource locations for test class [com.example.jwt.unit.orderUnitTests.OrderRepositoryUnitTest]: no resource found for suffixes {-context.xml, Context.groovy}.
2022-10-24 14:01:09.110  INFO 35552 --- [    Test worker] t.c.s.AnnotationConfigContextLoaderUtils : Could not detect default configuration classes for test class [com.example.jwt.unit.orderUnitTests.OrderRepositoryUnitTest]: OrderRepositoryUnitTest does not declare any static, non-private, non-final, nested classes annotated with @Configuration.
2022-10-24 14:01:09.116  INFO 35552 --- [    Test worker] .b.t.c.SpringBootTestContextBootstrapper : Found @SpringBootConfiguration com.example.jwt.JwtApplication for test class com.example.jwt.unit.orderUnitTests.OrderRepositoryUnitTest
2022-10-24 14:01:09.117  INFO 35552 --- [    Test worker] b.t.a.o.j.DataJpaTestContextBootstrapper : Loaded default TestExecutionListener class names from location [META-INF/spring.factories]: [org.springframework.security.test.context.support.WithSecurityContextTestExecutionListener, org.springframework.security.test.context.support.ReactorContextTestExecutionListener, org.springframework.boot.test.autoconfigure.restdocs.RestDocsTestExecutionListener, org.springframework.boot.test.autoconfigure.web.client.MockRestServiceServerResetTestExecutionListener, org.springframework.boot.test.autoconfigure.web.servlet.MockMvcPrintOnlyOnFailureTestExecutionListener, org.springframework.boot.test.autoconfigure.web.servlet.WebDriverTestExecutionListener, org.springframework.boot.test.autoconfigure.webservices.client.MockWebServiceServerTestExecutionListener, org.springframework.boot.test.mock.mockito.MockitoTestExecutionListener, org.springframework.boot.test.mock.mockito.ResetMocksTestExecutionListener, org.springframework.test.context.web.ServletTestExecutionListener, org.springframework.test.context.support.DirtiesContextBeforeModesTestExecutionListener, org.springframework.test.context.event.ApplicationEventsTestExecutionListener, org.springframework.test.context.support.DependencyInjectionTestExecutionListener, org.springframework.test.context.support.DirtiesContextTestExecutionListener, org.springframework.test.context.transaction.TransactionalTestExecutionListener, org.springframework.test.context.jdbc.SqlScriptsTestExecutionListener, org.springframework.test.context.event.EventPublishingTestExecutionListener]
2022-10-24 14:01:09.117  INFO 35552 --- [    Test worker] b.t.a.o.j.DataJpaTestContextBootstrapper : Using TestExecutionListeners: [org.springframework.test.context.web.ServletTestExecutionListener@58da1b27, org.springframework.test.context.support.DirtiesContextBeforeModesTestExecutionListener@347c6044, org.springframework.test.context.event.ApplicationEventsTestExecutionListener@154bc3cf, org.springframework.boot.test.mock.mockito.MockitoTestExecutionListener@210d1b45, org.springframework.boot.test.autoconfigure.SpringBootDependencyInjectionTestExecutionListener@29862f60, org.springframework.test.context.support.DirtiesContextTestExecutionListener@7e2f1454, org.springframework.test.context.transaction.TransactionalTestExecutionListener@35b1e5e5, org.springframework.test.context.jdbc.SqlScriptsTestExecutionListener@7caf0725, org.springframework.security.test.context.support.WithSecurityContextTestExecutionListener@644acaff, org.springframework.test.context.event.EventPublishingTestExecutionListener@6241ef96, org.springframework.security.test.context.support.ReactorContextTestExecutionListener@5865b0f6, org.springframework.boot.test.autoconfigure.restdocs.RestDocsTestExecutionListener@5c7712f0, org.springframework.boot.test.autoconfigure.web.client.MockRestServiceServerResetTestExecutionListener@6ed836b3, org.springframework.boot.test.autoconfigure.web.servlet.MockMvcPrintOnlyOnFailureTestExecutionListener@38849a1, org.springframework.boot.test.autoconfigure.web.servlet.WebDriverTestExecutionListener@769fbb26, org.springframework.boot.test.autoconfigure.webservices.client.MockWebServiceServerTestExecutionListener@129bc797, org.springframework.boot.test.mock.mockito.ResetMocksTestExecutionListener@3dd916d9]

  .   ____          _            __ _ _
 /\\ / ___'_ __ _ _(_)_ __  __ _ \ \ \ \
( ( )\___ | '_ | '_| | '_ \/ _` | \ \ \ \
 \\/  ___)| |_)| | | | | || (_| |  ) ) ) )
  '  |____| .__|_| |_|_| |_\__, | / / / /
 =========|_|==============|___/=/_/_/_/
 :: Spring Boot ::                (v2.7.2)

2022-10-24 14:01:09.132  INFO 35552 --- [    Test worker] c.e.j.u.o.OrderRepositoryUnitTest        : Starting OrderRepositoryUnitTest using Java 17.0.3 on DESKTOP-U0G9RCA with PID 35552 (started by tortu in C:\Users\tortu\Documents\MeiLeaf_TeaProject)
2022-10-24 14:01:09.132  INFO 35552 --- [    Test worker] c.e.j.u.o.OrderRepositoryUnitTest        : The following 1 profile is active: "test"
2022-10-24 14:01:09.191  INFO 35552 --- [    Test worker] .s.d.r.c.RepositoryConfigurationDelegate : Bootstrapping Spring Data JPA repositories in DEFAULT mode.
2022-10-24 14:01:09.233  INFO 35552 --- [    Test worker] .s.d.r.c.RepositoryConfigurationDelegate : Finished Spring Data repository scanning in 41 ms. Found 9 JPA repository interfaces.
2022-10-24 14:01:09.240  INFO 35552 --- [    Test worker] beddedDataSourceBeanFactoryPostProcessor : Replacing 'dataSource' DataSource bean with embedded version
2022-10-24 14:01:09.274  INFO 35552 --- [    Test worker] o.s.j.d.e.EmbeddedDatabaseFactory        : Starting embedded database: url='jdbc:h2:mem:2fb16bf7-0059-4785-bee3-389c621b43b0;DB_CLOSE_DELAY=-1;DB_CLOSE_ON_EXIT=false', username='sa'
2022-10-24 14:01:09.310  INFO 35552 --- [    Test worker] o.hibernate.jpa.internal.util.LogHelper  : HHH000204: Processing PersistenceUnitInfo [name: default]
2022-10-24 14:01:09.320  INFO 35552 --- [    Test worker] org.hibernate.dialect.Dialect            : HHH000400: Using dialect: org.hibernate.dialect.H2Dialect
Hibernate: create table authority (id varchar(255) not null, name varchar(255) not null, primary key (id))
Hibernate: create table country (id varchar(255) not null, country varchar(255) not null, primary key (id))
Hibernate: create table order_position (id varchar(255) not null, amount integer, order_id varchar(255) not null, tea_id varchar(255) not null, primary key (id))
Hibernate: create table orders (id varchar(255) not null, created_at timestamp, modified_at timestamp, price float, created_by varchar(255), last_modified_by varchar(255), user_id varchar(255) not null, primary key (id))
Hibernate: create table rank (id varchar(255) not null, discount integer, reduction float not null, seeds integer not null, title varchar(255) not null, value_order integer not null, primary key (id))
Hibernate: create table role (id varchar(255) not null, name varchar(255) not null, primary key (id))
Hibernate: create table role_authority (role_id varchar(255) not null, authority_id varchar(255) not null, primary key (role_id, authority_id))
Hibernate: create table tea (id varchar(255) not null, amount_in_stock integer, description varchar(255), harvest_date timestamp, price float not null, country_id varchar(255) not null, tea_type_id varchar(255) not null, primary key (id))
Hibernate: create table tea_type (id varchar(255) not null, age_restriction integer, tea_type varchar(255) not null, required_rank varchar(255), primary key (id))
Hibernate: create table users (id varchar(255) not null, created_at timestamp, modified_at timestamp, age integer, email varchar(255) not null, first_name varchar(255), is_not_locked boolean, last_name varchar(255), password varchar(255), seeds integer, created_by varchar(255), last_modified_by varchar(255), rank_id varchar(255), primary key (id))
Hibernate: create table users_role (users_id varchar(255) not null, role_id varchar(255) not null, primary key (users_id, role_id))
Hibernate: alter table authority drop constraint if exists UK_jdeu5vgpb8k5ptsqhrvamuad2
Hibernate: alter table authority add constraint UK_jdeu5vgpb8k5ptsqhrvamuad2 unique (name)
Hibernate: alter table country drop constraint if exists UK_3s51q344kj9jse05r86moo9ka
Hibernate: alter table country add constraint UK_3s51q344kj9jse05r86moo9ka unique (country)
Hibernate: alter table rank drop constraint if exists UK_jiqais2j6uppxw3x0sgjs51ph
Hibernate: alter table rank add constraint UK_jiqais2j6uppxw3x0sgjs51ph unique (title)
Hibernate: alter table role drop constraint if exists UK_8sewwnpamngi6b1dwaa88askk
Hibernate: alter table role add constraint UK_8sewwnpamngi6b1dwaa88askk unique (name)
Hibernate: alter table tea drop constraint if exists UK_2uxeb1n2hvuitho87kdr210e3
Hibernate: alter table tea add constraint UK_2uxeb1n2hvuitho87kdr210e3 unique (description)
Hibernate: alter table tea_type drop constraint if exists UK_980tjkgv2sak223asbdl5us5e
Hibernate: alter table tea_type add constraint UK_980tjkgv2sak223asbdl5us5e unique (tea_type)
Hibernate: alter table users drop constraint if exists UK_6dotkott2kjsp8vw4d0m25fb7
Hibernate: alter table users add constraint UK_6dotkott2kjsp8vw4d0m25fb7 unique (email)
Hibernate: alter table order_position add constraint FK3igx1tkv35h6g9avj261ts7d7 foreign key (order_id) references orders
Hibernate: alter table order_position add constraint FK1lnkpwuy7kwyp67u551440fq3 foreign key (tea_id) references tea
Hibernate: alter table orders add constraint FKtjwuphstqm46uffgc7l1r27a9 foreign key (created_by) references users
Hibernate: alter table orders add constraint FKdklenonclskgpikwa9ga4kfnf foreign key (last_modified_by) references users
Hibernate: alter table orders add constraint FK32ql8ubntj5uh44ph9659tiih foreign key (user_id) references users
Hibernate: alter table role_authority add constraint FKqbri833f7xop13bvdje3xxtnw foreign key (authority_id) references authority
Hibernate: alter table role_authority add constraint FK2052966dco7y9f97s1a824bj1 foreign key (role_id) references role
Hibernate: alter table tea add constraint FK76si8a4nn9awwviuippjx5wgh foreign key (country_id) references country
Hibernate: alter table tea add constraint FKbcay65o8iltx322gsd8ujle88 foreign key (tea_type_id) references tea_type
Hibernate: alter table tea_type add constraint FKdxxfgr3lxii6t2yfuyq17fkhr foreign key (required_rank) references rank
Hibernate: alter table users add constraint FKibk1e3kaxy5sfyeekp8hbhnim foreign key (created_by) references users
Hibernate: alter table users add constraint FKj1vmabulqqfwd5q8w2wxm73c3 foreign key (last_modified_by) references users
Hibernate: alter table users add constraint FKrcuxs4dkkhwmmyj1kjogq8kmv foreign key (rank_id) references rank
Hibernate: alter table users_role add constraint FK3qjq7qsiigxa82jgk0i0wuq3g foreign key (role_id) references role
Hibernate: alter table users_role add constraint FKiu0xsee0dmwa28nffgyf4bcvc foreign key (users_id) references users
2022-10-24 14:01:09.396  INFO 35552 --- [    Test worker] o.h.e.t.j.p.i.JtaPlatformInitiator       : HHH000490: Using JtaPlatform implementation: [org.hibernate.engine.transaction.jta.platform.internal.NoJtaPlatform]
2022-10-24 14:01:09.396  INFO 35552 --- [    Test worker] j.LocalContainerEntityManagerFactoryBean : Initialized JPA EntityManagerFactory for persistence unit 'default'
2022-10-24 14:01:09.490  INFO 35552 --- [    Test worker] c.e.j.u.o.OrderRepositoryUnitTest        : Started OrderRepositoryUnitTest in 0.371 seconds (JVM running for 15.063)
2022-10-24 14:01:09.492  INFO 35552 --- [    Test worker] j.LocalContainerEntityManagerFactoryBean : Closing JPA EntityManagerFactory for persistence unit 'default'

  .   ____          _            __ _ _
 /\\ / ___'_ __ _ _(_)_ __  __ _ \ \ \ \
( ( )\___ | '_ | '_| | '_ \/ _` | \ \ \ \
 \\/  ___)| |_)| | | | | || (_| |  ) ) ) )
  '  |____| .__|_| |_|_| |_\__, | / / / /
 =========|_|==============|___/=/_/_/_/
 :: Spring Boot ::                (v2.7.2)

2022-10-24 14:01:09.507  INFO 35552 --- [    Test worker] c.e.j.u.o.OrderRepositoryUnitTest        : Starting OrderRepositoryUnitTest using Java 17.0.3 on DESKTOP-U0G9RCA with PID 35552 (started by tortu in C:\Users\tortu\Documents\MeiLeaf_TeaProject)
2022-10-24 14:01:09.507  INFO 35552 --- [    Test worker] c.e.j.u.o.OrderRepositoryUnitTest        : The following 1 profile is active: "test"
2022-10-24 14:01:09.613  INFO 35552 --- [    Test worker] .s.d.r.c.RepositoryConfigurationDelegate : Bootstrapping Spring Data JPA repositories in DEFAULT mode.
2022-10-24 14:01:09.678  INFO 35552 --- [    Test worker] .s.d.r.c.RepositoryConfigurationDelegate : Finished Spring Data repository scanning in 64 ms. Found 9 JPA repository interfaces.
2022-10-24 14:01:09.685  INFO 35552 --- [    Test worker] beddedDataSourceBeanFactoryPostProcessor : Replacing 'dataSource' DataSource bean with embedded version
2022-10-24 14:01:09.713  INFO 35552 --- [    Test worker] o.s.j.d.e.EmbeddedDatabaseFactory        : Starting embedded database: url='jdbc:h2:mem:9104d3eb-a1ca-46b1-8aa4-5586827a3bad;DB_CLOSE_DELAY=-1;DB_CLOSE_ON_EXIT=false', username='sa'
2022-10-24 14:01:09.750  INFO 35552 --- [    Test worker] o.hibernate.jpa.internal.util.LogHelper  : HHH000204: Processing PersistenceUnitInfo [name: default]
2022-10-24 14:01:09.757  INFO 35552 --- [    Test worker] org.hibernate.dialect.Dialect            : HHH000400: Using dialect: org.hibernate.dialect.H2Dialect
Hibernate: create table authority (id varchar(255) not null, name varchar(255) not null, primary key (id))
Hibernate: create table country (id varchar(255) not null, country varchar(255) not null, primary key (id))
Hibernate: create table order_position (id varchar(255) not null, amount integer, order_id varchar(255) not null, tea_id varchar(255) not null, primary key (id))
Hibernate: create table orders (id varchar(255) not null, created_at timestamp, modified_at timestamp, price float, created_by varchar(255), last_modified_by varchar(255), user_id varchar(255) not null, primary key (id))
Hibernate: create table rank (id varchar(255) not null, discount integer, reduction float not null, seeds integer not null, title varchar(255) not null, value_order integer not null, primary key (id))
Hibernate: create table role (id varchar(255) not null, name varchar(255) not null, primary key (id))
Hibernate: create table role_authority (role_id varchar(255) not null, authority_id varchar(255) not null, primary key (role_id, authority_id))
Hibernate: create table tea (id varchar(255) not null, amount_in_stock integer, description varchar(255), harvest_date timestamp, price float not null, country_id varchar(255) not null, tea_type_id varchar(255) not null, primary key (id))
Hibernate: create table tea_type (id varchar(255) not null, age_restriction integer, tea_type varchar(255) not null, required_rank varchar(255), primary key (id))
Hibernate: create table users (id varchar(255) not null, created_at timestamp, modified_at timestamp, age integer, email varchar(255) not null, first_name varchar(255), is_not_locked boolean, last_name varchar(255), password varchar(255), seeds integer, created_by varchar(255), last_modified_by varchar(255), rank_id varchar(255), primary key (id))
Hibernate: create table users_role (users_id varchar(255) not null, role_id varchar(255) not null, primary key (users_id, role_id))
Hibernate: alter table authority drop constraint if exists UK_jdeu5vgpb8k5ptsqhrvamuad2
Hibernate: alter table authority add constraint UK_jdeu5vgpb8k5ptsqhrvamuad2 unique (name)
Hibernate: alter table country drop constraint if exists UK_3s51q344kj9jse05r86moo9ka
Hibernate: alter table country add constraint UK_3s51q344kj9jse05r86moo9ka unique (country)
Hibernate: alter table rank drop constraint if exists UK_jiqais2j6uppxw3x0sgjs51ph
Hibernate: alter table rank add constraint UK_jiqais2j6uppxw3x0sgjs51ph unique (title)
Hibernate: alter table role drop constraint if exists UK_8sewwnpamngi6b1dwaa88askk
Hibernate: alter table role add constraint UK_8sewwnpamngi6b1dwaa88askk unique (name)
Hibernate: alter table tea drop constraint if exists UK_2uxeb1n2hvuitho87kdr210e3
Hibernate: alter table tea add constraint UK_2uxeb1n2hvuitho87kdr210e3 unique (description)
Hibernate: alter table tea_type drop constraint if exists UK_980tjkgv2sak223asbdl5us5e
Hibernate: alter table tea_type add constraint UK_980tjkgv2sak223asbdl5us5e unique (tea_type)
Hibernate: alter table users drop constraint if exists UK_6dotkott2kjsp8vw4d0m25fb7
Hibernate: alter table users add constraint UK_6dotkott2kjsp8vw4d0m25fb7 unique (email)
Hibernate: alter table order_position add constraint FK3igx1tkv35h6g9avj261ts7d7 foreign key (order_id) references orders
Hibernate: alter table order_position add constraint FK1lnkpwuy7kwyp67u551440fq3 foreign key (tea_id) references tea
Hibernate: alter table orders add constraint FKtjwuphstqm46uffgc7l1r27a9 foreign key (created_by) references users
Hibernate: alter table orders add constraint FKdklenonclskgpikwa9ga4kfnf foreign key (last_modified_by) references users
Hibernate: alter table orders add constraint FK32ql8ubntj5uh44ph9659tiih foreign key (user_id) references users
Hibernate: alter table role_authority add constraint FKqbri833f7xop13bvdje3xxtnw foreign key (authority_id) references authority
Hibernate: alter table role_authority add constraint FK2052966dco7y9f97s1a824bj1 foreign key (role_id) references role
Hibernate: alter table tea add constraint FK76si8a4nn9awwviuippjx5wgh foreign key (country_id) references country
Hibernate: alter table tea add constraint FKbcay65o8iltx322gsd8ujle88 foreign key (tea_type_id) references tea_type
Hibernate: alter table tea_type add constraint FKdxxfgr3lxii6t2yfuyq17fkhr foreign key (required_rank) references rank
Hibernate: alter table users add constraint FKibk1e3kaxy5sfyeekp8hbhnim foreign key (created_by) references users
Hibernate: alter table users add constraint FKj1vmabulqqfwd5q8w2wxm73c3 foreign key (last_modified_by) references users
Hibernate: alter table users add constraint FKrcuxs4dkkhwmmyj1kjogq8kmv foreign key (rank_id) references rank
Hibernate: alter table users_role add constraint FK3qjq7qsiigxa82jgk0i0wuq3g foreign key (role_id) references role
Hibernate: alter table users_role add constraint FKiu0xsee0dmwa28nffgyf4bcvc foreign key (users_id) references users
2022-10-24 14:01:09.863  INFO 35552 --- [    Test worker] o.h.e.t.j.p.i.JtaPlatformInitiator       : HHH000490: Using JtaPlatform implementation: [org.hibernate.engine.transaction.jta.platform.internal.NoJtaPlatform]
2022-10-24 14:01:09.863  INFO 35552 --- [    Test worker] j.LocalContainerEntityManagerFactoryBean : Initialized JPA EntityManagerFactory for persistence unit 'default'
2022-10-24 14:01:10.015  INFO 35552 --- [    Test worker] c.e.j.u.o.OrderRepositoryUnitTest        : Started OrderRepositoryUnitTest in 0.521 seconds (JVM running for 15.588)
2022-10-24 14:01:10.020  INFO 35552 --- [    Test worker] o.s.t.c.transaction.TransactionContext   : Began transaction (1) for test context [DefaultTestContext@67cb11de testClass = OrderRepositoryUnitTest, testInstance = com.example.jwt.unit.orderUnitTests.OrderRepositoryUnitTest@357aa5cf, testMethod = findById_requestOrderId_expectOrder@OrderRepositoryUnitTest, testException = [null], mergedContextConfiguration = [MergedContextConfiguration@1640a06f testClass = OrderRepositoryUnitTest, locations = '{}', classes = '{class com.example.jwt.JwtApplication}', contextInitializerClasses = '[]', activeProfiles = '{test}', propertySourceLocations = '{}', propertySourceProperties = '{org.springframework.boot.test.autoconfigure.orm.jpa.DataJpaTestContextBootstrapper=true}', contextCustomizers = set[org.springframework.boot.test.autoconfigure.OverrideAutoConfigurationContextCustomizerFactory$DisableAutoConfigurationContextCustomizer@54e8f10a, org.springframework.boot.test.autoconfigure.actuate.metrics.MetricsExportContextCustomizerFactory$DisableMetricExportContextCustomizer@5ccbeb64, org.springframework.boot.test.autoconfigure.filter.TypeExcludeFiltersContextCustomizer@351584c0, org.springframework.boot.test.autoconfigure.properties.PropertyMappingContextCustomizer@7953991e, org.springframework.boot.test.autoconfigure.web.servlet.WebDriverContextCustomizerFactory$Customizer@2e8e8225, [ImportsContextCustomizer@51713b0f key = [org.springframework.boot.autoconfigure.cache.CacheAutoConfiguration, org.springframework.boot.autoconfigure.data.jpa.JpaRepositoriesAutoConfiguration, org.springframework.boot.autoconfigure.flyway.FlywayAutoConfiguration, org.springframework.boot.autoconfigure.jdbc.DataSourceAutoConfiguration, org.springframework.boot.autoconfigure.jdbc.DataSourceTransactionManagerAutoConfiguration, org.springframework.boot.autoconfigure.jdbc.JdbcTemplateAutoConfiguration, org.springframework.boot.autoconfigure.liquibase.LiquibaseAutoConfiguration, org.springframework.boot.autoconfigure.orm.jpa.HibernateJpaAutoConfiguration, org.springframework.boot.autoconfigure.sql.init.SqlInitializationAutoConfiguration, org.springframework.boot.autoconfigure.transaction.TransactionAutoConfiguration, org.springframework.boot.test.autoconfigure.jdbc.TestDatabaseAutoConfiguration, org.springframework.boot.test.autoconfigure.orm.jpa.TestEntityManagerAutoConfiguration]], org.springframework.boot.test.context.filter.ExcludeFilterContextCustomizer@2807bdeb, org.springframework.boot.test.json.DuplicateJsonObjectContextCustomizerFactory$DuplicateJsonObjectContextCustomizer@5f6722d3, org.springframework.boot.test.mock.mockito.MockitoContextCustomizer@0, org.springframework.boot.test.context.SpringBootTestArgs@1, org.springframework.boot.test.context.SpringBootTestWebEnvironment@0], contextLoader = 'org.springframework.boot.test.context.SpringBootContextLoader', parent = [null]], attributes = map['org.springframework.test.context.event.ApplicationEventsTestExecutionListener.recordApplicationEvents' -> false]]; transaction manager [org.springframework.orm.jpa.JpaTransactionManager@4bedcff1]; rollback [true]
Hibernate: select order0_.id as id1_3_2_, order0_.created_at as created_2_3_2_, order0_.created_by as created_5_3_2_, order0_.last_modified_by as last_mod6_3_2_, order0_.modified_at as modified3_3_2_, order0_.price as price4_3_2_, order0_.user_id as user_id7_3_2_, orderposit1_.order_id as order_id3_2_4_, orderposit1_.id as id1_2_4_, orderposit1_.id as id1_2_0_, orderposit1_.amount as amount2_2_0_, orderposit1_.order_id as order_id3_2_0_, orderposit1_.tea_id as tea_id4_2_0_, user2_.id as id1_9_1_, user2_.created_at as created_2_9_1_, user2_.created_by as created11_9_1_, user2_.last_modified_by as last_mo12_9_1_, user2_.modified_at as modified3_9_1_, user2_.age as age4_9_1_, user2_.email as email5_9_1_, user2_.first_name as first_na6_9_1_, user2_.is_not_locked as is_not_l7_9_1_, user2_.last_name as last_nam8_9_1_, user2_.password as password9_9_1_, user2_.rank_id as rank_id13_9_1_, user2_.seeds as seeds10_9_1_ from orders order0_ left outer join order_position orderposit1_ on order0_.id=orderposit1_.order_id inner join users user2_ on order0_.user_id=user2_.id where order0_.id=?
Hibernate: select user0_.id as id1_9_0_, user0_.created_at as created_2_9_0_, user0_.created_by as created11_9_0_, user0_.last_modified_by as last_mo12_9_0_, user0_.modified_at as modified3_9_0_, user0_.age as age4_9_0_, user0_.email as email5_9_0_, user0_.first_name as first_na6_9_0_, user0_.is_not_locked as is_not_l7_9_0_, user0_.last_name as last_nam8_9_0_, user0_.password as password9_9_0_, user0_.rank_id as rank_id13_9_0_, user0_.seeds as seeds10_9_0_ from users user0_ where user0_.id=?
Hibernate: select order0_.id as id1_3_2_, order0_.created_at as created_2_3_2_, order0_.created_by as created_5_3_2_, order0_.last_modified_by as last_mod6_3_2_, order0_.modified_at as modified3_3_2_, order0_.price as price4_3_2_, order0_.user_id as user_id7_3_2_, orderposit1_.order_id as order_id3_2_4_, orderposit1_.id as id1_2_4_, orderposit1_.id as id1_2_0_, orderposit1_.amount as amount2_2_0_, orderposit1_.order_id as order_id3_2_0_, orderposit1_.tea_id as tea_id4_2_0_, user2_.id as id1_9_1_, user2_.created_at as created_2_9_1_, user2_.created_by as created11_9_1_, user2_.last_modified_by as last_mo12_9_1_, user2_.modified_at as modified3_9_1_, user2_.age as age4_9_1_, user2_.email as email5_9_1_, user2_.first_name as first_na6_9_1_, user2_.is_not_locked as is_not_l7_9_1_, user2_.last_name as last_nam8_9_1_, user2_.password as password9_9_1_, user2_.rank_id as rank_id13_9_1_, user2_.seeds as seeds10_9_1_ from orders order0_ left outer join order_position orderposit1_ on order0_.id=orderposit1_.order_id inner join users user2_ on order0_.user_id=user2_.id where order0_.id=?
Hibernate: select user0_.id as id1_9_0_, user0_.created_at as created_2_9_0_, user0_.created_by as created11_9_0_, user0_.last_modified_by as last_mo12_9_0_, user0_.modified_at as modified3_9_0_, user0_.age as age4_9_0_, user0_.email as email5_9_0_, user0_.first_name as first_na6_9_0_, user0_.is_not_locked as is_not_l7_9_0_, user0_.last_name as last_nam8_9_0_, user0_.password as password9_9_0_, user0_.rank_id as rank_id13_9_0_, user0_.seeds as seeds10_9_0_ from users user0_ where user0_.id=?
2022-10-24 14:01:10.112  INFO 35552 --- [    Test worker] o.s.t.c.transaction.TransactionContext   : Rolled back transaction for test: [DefaultTestContext@67cb11de testClass = OrderRepositoryUnitTest, testInstance = com.example.jwt.unit.orderUnitTests.OrderRepositoryUnitTest@357aa5cf, testMethod = findById_requestOrderId_expectOrder@OrderRepositoryUnitTest, testException = [null], mergedContextConfiguration = [MergedContextConfiguration@1640a06f testClass = OrderRepositoryUnitTest, locations = '{}', classes = '{class com.example.jwt.JwtApplication}', contextInitializerClasses = '[]', activeProfiles = '{test}', propertySourceLocations = '{}', propertySourceProperties = '{org.springframework.boot.test.autoconfigure.orm.jpa.DataJpaTestContextBootstrapper=true}', contextCustomizers = set[org.springframework.boot.test.autoconfigure.OverrideAutoConfigurationContextCustomizerFactory$DisableAutoConfigurationContextCustomizer@54e8f10a, org.springframework.boot.test.autoconfigure.actuate.metrics.MetricsExportContextCustomizerFactory$DisableMetricExportContextCustomizer@5ccbeb64, org.springframework.boot.test.autoconfigure.filter.TypeExcludeFiltersContextCustomizer@351584c0, org.springframework.boot.test.autoconfigure.properties.PropertyMappingContextCustomizer@7953991e, org.springframework.boot.test.autoconfigure.web.servlet.WebDriverContextCustomizerFactory$Customizer@2e8e8225, [ImportsContextCustomizer@51713b0f key = [org.springframework.boot.autoconfigure.cache.CacheAutoConfiguration, org.springframework.boot.autoconfigure.data.jpa.JpaRepositoriesAutoConfiguration, org.springframework.boot.autoconfigure.flyway.FlywayAutoConfiguration, org.springframework.boot.autoconfigure.jdbc.DataSourceAutoConfiguration, org.springframework.boot.autoconfigure.jdbc.DataSourceTransactionManagerAutoConfiguration, org.springframework.boot.autoconfigure.jdbc.JdbcTemplateAutoConfiguration, org.springframework.boot.autoconfigure.liquibase.LiquibaseAutoConfiguration, org.springframework.boot.autoconfigure.orm.jpa.HibernateJpaAutoConfiguration, org.springframework.boot.autoconfigure.sql.init.SqlInitializationAutoConfiguration, org.springframework.boot.autoconfigure.transaction.TransactionAutoConfiguration, org.springframework.boot.test.autoconfigure.jdbc.TestDatabaseAutoConfiguration, org.springframework.boot.test.autoconfigure.orm.jpa.TestEntityManagerAutoConfiguration]], org.springframework.boot.test.context.filter.ExcludeFilterContextCustomizer@2807bdeb, org.springframework.boot.test.json.DuplicateJsonObjectContextCustomizerFactory$DuplicateJsonObjectContextCustomizer@5f6722d3, org.springframework.boot.test.mock.mockito.MockitoContextCustomizer@0, org.springframework.boot.test.context.SpringBootTestArgs@1, org.springframework.boot.test.context.SpringBootTestWebEnvironment@0], contextLoader = 'org.springframework.boot.test.context.SpringBootContextLoader', parent = [null]], attributes = map['org.springframework.test.context.event.ApplicationEventsTestExecutionListener.recordApplicationEvents' -> false]]
]]></system-out>
  <system-err><![CDATA[]]></system-err>
</testsuite>
