<?xml version="1.0" encoding="UTF-8"?>
<testsuite name="com.example.jwt.JwtApplicationTests" tests="1" skipped="0" failures="0" errors="0" timestamp="2022-10-24T12:01:03" hostname="DESKTOP-U0G9RCA" time="0.13">
  <properties/>
  <testcase name="contextLoads()" classname="com.example.jwt.JwtApplicationTests" time="0.13"/>
  <system-out><![CDATA[14:00:55.016 [Test worker] DEBUG org.springframework.test.context.BootstrapUtils - Instantiating CacheAwareContextLoaderDelegate from class [org.springframework.test.context.cache.DefaultCacheAwareContextLoaderDelegate]
14:00:55.023 [Test worker] DEBUG org.springframework.test.context.BootstrapUtils - Instantiating BootstrapContext using constructor [public org.springframework.test.context.support.DefaultBootstrapContext(java.lang.Class,org.springframework.test.context.CacheAwareContextLoaderDelegate)]
14:00:55.045 [Test worker] DEBUG org.springframework.test.context.BootstrapUtils - Instantiating TestContextBootstrapper for test class [com.example.jwt.JwtApplicationTests] from class [org.springframework.boot.test.context.SpringBootTestContextBootstrapper]
14:00:55.056 [Test worker] INFO org.springframework.boot.test.context.SpringBootTestContextBootstrapper - Neither @ContextConfiguration nor @ContextHierarchy found for test class [com.example.jwt.JwtApplicationTests], using SpringBootContextLoader
14:00:55.060 [Test worker] DEBUG org.springframework.test.context.support.AbstractContextLoader - Did not detect default resource location for test class [com.example.jwt.JwtApplicationTests]: class path resource [com/example/jwt/JwtApplicationTests-context.xml] does not exist
14:00:55.061 [Test worker] DEBUG org.springframework.test.context.support.AbstractContextLoader - Did not detect default resource location for test class [com.example.jwt.JwtApplicationTests]: class path resource [com/example/jwt/JwtApplicationTestsContext.groovy] does not exist
14:00:55.061 [Test worker] INFO org.springframework.test.context.support.AbstractContextLoader - Could not detect default resource locations for test class [com.example.jwt.JwtApplicationTests]: no resource found for suffixes {-context.xml, Context.groovy}.
14:00:55.061 [Test worker] INFO org.springframework.test.context.support.AnnotationConfigContextLoaderUtils - Could not detect default configuration classes for test class [com.example.jwt.JwtApplicationTests]: JwtApplicationTests does not declare any static, non-private, non-final, nested classes annotated with @Configuration.
14:00:55.096 [Test worker] DEBUG org.springframework.test.context.support.ActiveProfilesUtils - Could not find an 'annotation declaring class' for annotation type [org.springframework.test.context.ActiveProfiles] and class [com.example.jwt.JwtApplicationTests]
14:00:55.130 [Test worker] DEBUG org.springframework.context.annotation.ClassPathScanningCandidateComponentProvider - Identified candidate component class: file [C:\Users\tortu\Documents\MeiLeaf_TeaProject\build\classes\java\main\com\example\jwt\JwtApplication.class]
14:00:55.131 [Test worker] INFO org.springframework.boot.test.context.SpringBootTestContextBootstrapper - Found @SpringBootConfiguration com.example.jwt.JwtApplication for test class com.example.jwt.JwtApplicationTests
14:00:55.192 [Test worker] DEBUG org.springframework.boot.test.context.SpringBootTestContextBootstrapper - @TestExecutionListeners is not present for class [com.example.jwt.JwtApplicationTests]: using defaults.
14:00:55.192 [Test worker] INFO org.springframework.boot.test.context.SpringBootTestContextBootstrapper - Loaded default TestExecutionListener class names from location [META-INF/spring.factories]: [org.springframework.security.test.context.support.WithSecurityContextTestExecutionListener, org.springframework.security.test.context.support.ReactorContextTestExecutionListener, org.springframework.boot.test.autoconfigure.restdocs.RestDocsTestExecutionListener, org.springframework.boot.test.autoconfigure.web.client.MockRestServiceServerResetTestExecutionListener, org.springframework.boot.test.autoconfigure.web.servlet.MockMvcPrintOnlyOnFailureTestExecutionListener, org.springframework.boot.test.autoconfigure.web.servlet.WebDriverTestExecutionListener, org.springframework.boot.test.autoconfigure.webservices.client.MockWebServiceServerTestExecutionListener, org.springframework.boot.test.mock.mockito.MockitoTestExecutionListener, org.springframework.boot.test.mock.mockito.ResetMocksTestExecutionListener, org.springframework.test.context.web.ServletTestExecutionListener, org.springframework.test.context.support.DirtiesContextBeforeModesTestExecutionListener, org.springframework.test.context.event.ApplicationEventsTestExecutionListener, org.springframework.test.context.support.DependencyInjectionTestExecutionListener, org.springframework.test.context.support.DirtiesContextTestExecutionListener, org.springframework.test.context.transaction.TransactionalTestExecutionListener, org.springframework.test.context.jdbc.SqlScriptsTestExecutionListener, org.springframework.test.context.event.EventPublishingTestExecutionListener]
14:00:55.203 [Test worker] INFO org.springframework.boot.test.context.SpringBootTestContextBootstrapper - Using TestExecutionListeners: [org.springframework.test.context.web.ServletTestExecutionListener@2b52c0d6, org.springframework.test.context.support.DirtiesContextBeforeModesTestExecutionListener@372ea2bc, org.springframework.test.context.event.ApplicationEventsTestExecutionListener@4cc76301, org.springframework.boot.test.mock.mockito.MockitoTestExecutionListener@2f08c4b, org.springframework.boot.test.autoconfigure.SpringBootDependencyInjectionTestExecutionListener@3f19b8b3, org.springframework.test.context.support.DirtiesContextTestExecutionListener@7de0c6ae, org.springframework.test.context.transaction.TransactionalTestExecutionListener@a486d78, org.springframework.test.context.jdbc.SqlScriptsTestExecutionListener@cdc3aae, org.springframework.security.test.context.support.WithSecurityContextTestExecutionListener@7ef2d7a6, org.springframework.test.context.event.EventPublishingTestExecutionListener@5dcbb60, org.springframework.security.test.context.support.ReactorContextTestExecutionListener@4c36250e, org.springframework.boot.test.autoconfigure.restdocs.RestDocsTestExecutionListener@21526f6c, org.springframework.boot.test.autoconfigure.web.client.MockRestServiceServerResetTestExecutionListener@49f5c307, org.springframework.boot.test.autoconfigure.web.servlet.MockMvcPrintOnlyOnFailureTestExecutionListener@299266e2, org.springframework.boot.test.autoconfigure.web.servlet.WebDriverTestExecutionListener@5471388b, org.springframework.boot.test.autoconfigure.webservices.client.MockWebServiceServerTestExecutionListener@66ea1466, org.springframework.boot.test.mock.mockito.ResetMocksTestExecutionListener@1601e47]
14:00:55.205 [Test worker] DEBUG org.springframework.test.context.support.AbstractDirtiesContextTestExecutionListener - Before test class: context [DefaultTestContext@46074492 testClass = JwtApplicationTests, testInstance = [null], testMethod = [null], testException = [null], mergedContextConfiguration = [WebMergedContextConfiguration@d78795 testClass = JwtApplicationTests, locations = '{}', classes = '{class com.example.jwt.JwtApplication}', contextInitializerClasses = '[]', activeProfiles = '{}', propertySourceLocations = '{}', propertySourceProperties = '{org.springframework.boot.test.context.SpringBootTestContextBootstrapper=true}', contextCustomizers = set[org.springframework.boot.test.autoconfigure.actuate.metrics.MetricsExportContextCustomizerFactory$DisableMetricExportContextCustomizer@5ccbeb64, org.springframework.boot.test.autoconfigure.properties.PropertyMappingContextCustomizer@0, org.springframework.boot.test.autoconfigure.web.servlet.WebDriverContextCustomizerFactory$Customizer@2e8e8225, org.springframework.boot.test.context.filter.ExcludeFilterContextCustomizer@2807bdeb, org.springframework.boot.test.json.DuplicateJsonObjectContextCustomizerFactory$DuplicateJsonObjectContextCustomizer@5f6722d3, org.springframework.boot.test.mock.mockito.MockitoContextCustomizer@0, org.springframework.boot.test.web.client.TestRestTemplateContextCustomizer@70a36a66, org.springframework.boot.test.context.SpringBootTestArgs@1, org.springframework.boot.test.context.SpringBootTestWebEnvironment@57d7f8ca], resourceBasePath = 'src/main/webapp', contextLoader = 'org.springframework.boot.test.context.SpringBootContextLoader', parent = [null]], attributes = map['org.springframework.test.context.web.ServletTestExecutionListener.activateListener' -> true]], class annotated with @DirtiesContext [false] with mode [null].

  .   ____          _            __ _ _
 /\\ / ___'_ __ _ _(_)_ __  __ _ \ \ \ \
( ( )\___ | '_ | '_| | '_ \/ _` | \ \ \ \
 \\/  ___)| |_)| | | | | || (_| |  ) ) ) )
  '  |____| .__|_| |_|_| |_\__, | / / / /
 =========|_|==============|___/=/_/_/_/
 :: Spring Boot ::                (v2.7.2)

2022-10-24 14:00:55.398  INFO 35552 --- [    Test worker] com.example.jwt.JwtApplicationTests      : Starting JwtApplicationTests using Java 17.0.3 on DESKTOP-U0G9RCA with PID 35552 (started by tortu in C:\Users\tortu\Documents\MeiLeaf_TeaProject)
2022-10-24 14:00:55.399  INFO 35552 --- [    Test worker] com.example.jwt.JwtApplicationTests      : No active profile set, falling back to 1 default profile: "default"
2022-10-24 14:00:55.928  INFO 35552 --- [    Test worker] .s.d.r.c.RepositoryConfigurationDelegate : Bootstrapping Spring Data JPA repositories in DEFAULT mode.
2022-10-24 14:00:56.061  INFO 35552 --- [    Test worker] .s.d.r.c.RepositoryConfigurationDelegate : Finished Spring Data repository scanning in 127 ms. Found 9 JPA repository interfaces.
2022-10-24 14:00:56.499  INFO 35552 --- [    Test worker] o.hibernate.jpa.internal.util.LogHelper  : HHH000204: Processing PersistenceUnitInfo [name: default]
2022-10-24 14:00:56.537  INFO 35552 --- [    Test worker] org.hibernate.Version                    : HHH000412: Hibernate ORM core version 5.6.10.Final
2022-10-24 14:00:56.676  INFO 35552 --- [    Test worker] o.hibernate.annotations.common.Version   : HCANN000001: Hibernate Commons Annotations {5.1.2.Final}
2022-10-24 14:00:56.752  INFO 35552 --- [    Test worker] com.zaxxer.hikari.HikariDataSource       : HikariPool-1 - Starting...
2022-10-24 14:00:57.235  INFO 35552 --- [    Test worker] com.zaxxer.hikari.HikariDataSource       : HikariPool-1 - Start completed.
2022-10-24 14:00:57.259  INFO 35552 --- [    Test worker] org.hibernate.dialect.Dialect            : HHH000400: Using dialect: org.hibernate.dialect.PostgreSQL10Dialect
2022-10-24 14:00:57.943  WARN 35552 --- [    Test worker] o.h.engine.jdbc.spi.SqlExceptionHelper   : SQL Warning Code: 0, SQLState: 00000
2022-10-24 14:00:57.943  WARN 35552 --- [    Test worker] o.h.engine.jdbc.spi.SqlExceptionHelper   : relation "order_position" does not exist, skipping
2022-10-24 14:00:57.977  WARN 35552 --- [    Test worker] o.h.engine.jdbc.spi.SqlExceptionHelper   : SQL Warning Code: 0, SQLState: 00000
2022-10-24 14:00:57.978  WARN 35552 --- [    Test worker] o.h.engine.jdbc.spi.SqlExceptionHelper   : relation "order_position" does not exist, skipping
2022-10-24 14:00:58.011  WARN 35552 --- [    Test worker] o.h.engine.jdbc.spi.SqlExceptionHelper   : SQL Warning Code: 0, SQLState: 00000
2022-10-24 14:00:58.011  WARN 35552 --- [    Test worker] o.h.engine.jdbc.spi.SqlExceptionHelper   : relation "orders" does not exist, skipping
2022-10-24 14:00:58.045  WARN 35552 --- [    Test worker] o.h.engine.jdbc.spi.SqlExceptionHelper   : SQL Warning Code: 0, SQLState: 00000
2022-10-24 14:00:58.045  WARN 35552 --- [    Test worker] o.h.engine.jdbc.spi.SqlExceptionHelper   : relation "orders" does not exist, skipping
2022-10-24 14:00:58.079  WARN 35552 --- [    Test worker] o.h.engine.jdbc.spi.SqlExceptionHelper   : SQL Warning Code: 0, SQLState: 00000
2022-10-24 14:00:58.079  WARN 35552 --- [    Test worker] o.h.engine.jdbc.spi.SqlExceptionHelper   : relation "orders" does not exist, skipping
2022-10-24 14:00:58.112  WARN 35552 --- [    Test worker] o.h.engine.jdbc.spi.SqlExceptionHelper   : SQL Warning Code: 0, SQLState: 00000
2022-10-24 14:00:58.113  WARN 35552 --- [    Test worker] o.h.engine.jdbc.spi.SqlExceptionHelper   : relation "role_authority" does not exist, skipping
2022-10-24 14:00:58.146  WARN 35552 --- [    Test worker] o.h.engine.jdbc.spi.SqlExceptionHelper   : SQL Warning Code: 0, SQLState: 00000
2022-10-24 14:00:58.146  WARN 35552 --- [    Test worker] o.h.engine.jdbc.spi.SqlExceptionHelper   : relation "role_authority" does not exist, skipping
2022-10-24 14:00:58.180  WARN 35552 --- [    Test worker] o.h.engine.jdbc.spi.SqlExceptionHelper   : SQL Warning Code: 0, SQLState: 00000
2022-10-24 14:00:58.180  WARN 35552 --- [    Test worker] o.h.engine.jdbc.spi.SqlExceptionHelper   : relation "tea" does not exist, skipping
2022-10-24 14:00:58.217  WARN 35552 --- [    Test worker] o.h.engine.jdbc.spi.SqlExceptionHelper   : SQL Warning Code: 0, SQLState: 00000
2022-10-24 14:00:58.217  WARN 35552 --- [    Test worker] o.h.engine.jdbc.spi.SqlExceptionHelper   : relation "tea" does not exist, skipping
2022-10-24 14:00:58.251  WARN 35552 --- [    Test worker] o.h.engine.jdbc.spi.SqlExceptionHelper   : SQL Warning Code: 0, SQLState: 00000
2022-10-24 14:00:58.251  WARN 35552 --- [    Test worker] o.h.engine.jdbc.spi.SqlExceptionHelper   : relation "tea_type" does not exist, skipping
2022-10-24 14:00:58.285  WARN 35552 --- [    Test worker] o.h.engine.jdbc.spi.SqlExceptionHelper   : SQL Warning Code: 0, SQLState: 00000
2022-10-24 14:00:58.285  WARN 35552 --- [    Test worker] o.h.engine.jdbc.spi.SqlExceptionHelper   : relation "users" does not exist, skipping
2022-10-24 14:00:58.320  WARN 35552 --- [    Test worker] o.h.engine.jdbc.spi.SqlExceptionHelper   : SQL Warning Code: 0, SQLState: 00000
2022-10-24 14:00:58.320  WARN 35552 --- [    Test worker] o.h.engine.jdbc.spi.SqlExceptionHelper   : relation "users" does not exist, skipping
2022-10-24 14:00:58.354  WARN 35552 --- [    Test worker] o.h.engine.jdbc.spi.SqlExceptionHelper   : SQL Warning Code: 0, SQLState: 00000
2022-10-24 14:00:58.354  WARN 35552 --- [    Test worker] o.h.engine.jdbc.spi.SqlExceptionHelper   : relation "users" does not exist, skipping
2022-10-24 14:00:58.389  WARN 35552 --- [    Test worker] o.h.engine.jdbc.spi.SqlExceptionHelper   : SQL Warning Code: 0, SQLState: 00000
2022-10-24 14:00:58.389  WARN 35552 --- [    Test worker] o.h.engine.jdbc.spi.SqlExceptionHelper   : relation "users_role" does not exist, skipping
2022-10-24 14:00:58.422  WARN 35552 --- [    Test worker] o.h.engine.jdbc.spi.SqlExceptionHelper   : SQL Warning Code: 0, SQLState: 00000
2022-10-24 14:00:58.422  WARN 35552 --- [    Test worker] o.h.engine.jdbc.spi.SqlExceptionHelper   : relation "users_role" does not exist, skipping
2022-10-24 14:00:58.456  WARN 35552 --- [    Test worker] o.h.engine.jdbc.spi.SqlExceptionHelper   : SQL Warning Code: 0, SQLState: 00000
2022-10-24 14:00:58.457  WARN 35552 --- [    Test worker] o.h.engine.jdbc.spi.SqlExceptionHelper   : table "authority" does not exist, skipping
2022-10-24 14:00:58.493  WARN 35552 --- [    Test worker] o.h.engine.jdbc.spi.SqlExceptionHelper   : SQL Warning Code: 0, SQLState: 00000
2022-10-24 14:00:58.493  WARN 35552 --- [    Test worker] o.h.engine.jdbc.spi.SqlExceptionHelper   : table "country" does not exist, skipping
2022-10-24 14:00:58.527  WARN 35552 --- [    Test worker] o.h.engine.jdbc.spi.SqlExceptionHelper   : SQL Warning Code: 0, SQLState: 00000
2022-10-24 14:00:58.527  WARN 35552 --- [    Test worker] o.h.engine.jdbc.spi.SqlExceptionHelper   : table "order_position" does not exist, skipping
2022-10-24 14:00:58.560  WARN 35552 --- [    Test worker] o.h.engine.jdbc.spi.SqlExceptionHelper   : SQL Warning Code: 0, SQLState: 00000
2022-10-24 14:00:58.560  WARN 35552 --- [    Test worker] o.h.engine.jdbc.spi.SqlExceptionHelper   : table "orders" does not exist, skipping
2022-10-24 14:00:58.594  WARN 35552 --- [    Test worker] o.h.engine.jdbc.spi.SqlExceptionHelper   : SQL Warning Code: 0, SQLState: 00000
2022-10-24 14:00:58.594  WARN 35552 --- [    Test worker] o.h.engine.jdbc.spi.SqlExceptionHelper   : table "rank" does not exist, skipping
2022-10-24 14:00:58.628  WARN 35552 --- [    Test worker] o.h.engine.jdbc.spi.SqlExceptionHelper   : SQL Warning Code: 0, SQLState: 00000
2022-10-24 14:00:58.628  WARN 35552 --- [    Test worker] o.h.engine.jdbc.spi.SqlExceptionHelper   : table "role" does not exist, skipping
2022-10-24 14:00:58.662  WARN 35552 --- [    Test worker] o.h.engine.jdbc.spi.SqlExceptionHelper   : SQL Warning Code: 0, SQLState: 00000
2022-10-24 14:00:58.662  WARN 35552 --- [    Test worker] o.h.engine.jdbc.spi.SqlExceptionHelper   : table "role_authority" does not exist, skipping
2022-10-24 14:00:58.697  WARN 35552 --- [    Test worker] o.h.engine.jdbc.spi.SqlExceptionHelper   : SQL Warning Code: 0, SQLState: 00000
2022-10-24 14:00:58.697  WARN 35552 --- [    Test worker] o.h.engine.jdbc.spi.SqlExceptionHelper   : table "tea" does not exist, skipping
2022-10-24 14:00:58.731  WARN 35552 --- [    Test worker] o.h.engine.jdbc.spi.SqlExceptionHelper   : SQL Warning Code: 0, SQLState: 00000
2022-10-24 14:00:58.732  WARN 35552 --- [    Test worker] o.h.engine.jdbc.spi.SqlExceptionHelper   : table "tea_type" does not exist, skipping
2022-10-24 14:00:58.769  WARN 35552 --- [    Test worker] o.h.engine.jdbc.spi.SqlExceptionHelper   : SQL Warning Code: 0, SQLState: 00000
2022-10-24 14:00:58.769  WARN 35552 --- [    Test worker] o.h.engine.jdbc.spi.SqlExceptionHelper   : table "users" does not exist, skipping
2022-10-24 14:00:58.804  WARN 35552 --- [    Test worker] o.h.engine.jdbc.spi.SqlExceptionHelper   : SQL Warning Code: 0, SQLState: 00000
2022-10-24 14:00:58.804  WARN 35552 --- [    Test worker] o.h.engine.jdbc.spi.SqlExceptionHelper   : table "users_role" does not exist, skipping
2022-10-24 14:01:00.054  INFO 35552 --- [    Test worker] o.h.t.schema.internal.SchemaCreatorImpl  : HHH000476: Executing import script 'file:/C:/Users/tortu/Documents/MeiLeaf_TeaProject/build/resources/main/import.sql'
2022-10-24 14:01:01.664  INFO 35552 --- [    Test worker] o.h.e.t.j.p.i.JtaPlatformInitiator       : HHH000490: Using JtaPlatform implementation: [org.hibernate.engine.transaction.jta.platform.internal.NoJtaPlatform]
2022-10-24 14:01:01.670  INFO 35552 --- [    Test worker] j.LocalContainerEntityManagerFactoryBean : Initialized JPA EntityManagerFactory for persistence unit 'default'
2022-10-24 14:01:02.344  INFO 35552 --- [    Test worker] o.s.s.web.DefaultSecurityFilterChain     : Will secure any request with [org.springframework.security.web.session.DisableEncodeUrlFilter@6530a1de, org.springframework.security.web.context.request.async.WebAsyncManagerIntegrationFilter@20b921be, org.springframework.security.web.context.SecurityContextPersistenceFilter@2210af14, org.springframework.security.web.header.HeaderWriterFilter@3c29f6be, org.springframework.web.filter.CorsFilter@431923ed, org.springframework.security.web.authentication.logout.LogoutFilter@6b04689e, com.example.jwt.core.security.CustomAuthenticationFilter@44723d95, com.example.jwt.core.security.CustomAuthorizationFilter@242c4a94, org.springframework.security.web.savedrequest.RequestCacheAwareFilter@3333245e, org.springframework.security.web.servletapi.SecurityContextHolderAwareRequestFilter@147c4523, org.springframework.security.web.authentication.AnonymousAuthenticationFilter@4df13b7e, org.springframework.security.web.session.SessionManagementFilter@3677c508, org.springframework.security.web.access.ExceptionTranslationFilter@1360ef8d, org.springframework.security.web.access.intercept.FilterSecurityInterceptor@5f1db390]
2022-10-24 14:01:02.511  WARN 35552 --- [    Test worker] JpaBaseConfiguration$JpaWebConfiguration : spring.jpa.open-in-view is enabled by default. Therefore, database queries may be performed during view rendering. Explicitly configure spring.jpa.open-in-view to disable this warning
2022-10-24 14:01:03.033  INFO 35552 --- [    Test worker] com.example.jwt.JwtApplicationTests      : Started JwtApplicationTests in 7.804 seconds (JVM running for 8.607)
]]></system-out>
  <system-err><![CDATA[]]></system-err>
</testsuite>
