<?xml version="1.0" encoding="UTF-8"?>
<testsuite name="com.example.jwt.unit.rankUnitTests.RankServiceImplUnitTests" tests="1" skipped="0" failures="0" errors="0" timestamp="2022-10-24T12:01:11" hostname="DESKTOP-U0G9RCA" time="0.015">
  <properties/>
  <testcase name="findById_requestRankById_expectRank()" classname="com.example.jwt.unit.rankUnitTests.RankServiceImplUnitTests" time="0.015"/>
  <system-out><![CDATA[]]></system-out>
  <system-err><![CDATA[]]></system-err>
</testsuite>
