<?xml version="1.0" encoding="UTF-8"?>
<testsuite name="com.example.jwt.unit.userUnitTests.userControllerUnitTests" tests="2" skipped="0" failures="0" errors="0" timestamp="2022-10-24T12:01:12" hostname="DESKTOP-U0G9RCA" time="0.045">
  <properties/>
  <testcase name="deleteUserById_requestDeletionOfUserById_expectAppropriateState()" classname="com.example.jwt.unit.userUnitTests.userControllerUnitTests" time="0.011"/>
  <testcase name="updateUser_requestUserDTOToBeUpdated_expectUpdatedUserDTO()" classname="com.example.jwt.unit.userUnitTests.userControllerUnitTests" time="0.034"/>
  <system-out><![CDATA[2022-10-24 14:01:11.984  INFO 35552 --- [    Test worker] .b.t.c.SpringBootTestContextBootstrapper : Neither @ContextConfiguration nor @ContextHierarchy found for test class [com.example.jwt.unit.userUnitTests.userControllerUnitTests], using SpringBootContextLoader
2022-10-24 14:01:11.985  INFO 35552 --- [    Test worker] o.s.t.c.support.AbstractContextLoader    : Could not detect default resource locations for test class [com.example.jwt.unit.userUnitTests.userControllerUnitTests]: no resource found for suffixes {-context.xml, Context.groovy}.
2022-10-24 14:01:11.985  INFO 35552 --- [    Test worker] t.c.s.AnnotationConfigContextLoaderUtils : Could not detect default configuration classes for test class [com.example.jwt.unit.userUnitTests.userControllerUnitTests]: userControllerUnitTests does not declare any static, non-private, non-final, nested classes annotated with @Configuration.
2022-10-24 14:01:11.988  INFO 35552 --- [    Test worker] .b.t.c.SpringBootTestContextBootstrapper : Found @SpringBootConfiguration com.example.jwt.JwtApplication for test class com.example.jwt.unit.userUnitTests.userControllerUnitTests
2022-10-24 14:01:11.989  INFO 35552 --- [    Test worker] .b.t.c.SpringBootTestContextBootstrapper : Loaded default TestExecutionListener class names from location [META-INF/spring.factories]: [org.springframework.security.test.context.support.WithSecurityContextTestExecutionListener, org.springframework.security.test.context.support.ReactorContextTestExecutionListener, org.springframework.boot.test.autoconfigure.restdocs.RestDocsTestExecutionListener, org.springframework.boot.test.autoconfigure.web.client.MockRestServiceServerResetTestExecutionListener, org.springframework.boot.test.autoconfigure.web.servlet.MockMvcPrintOnlyOnFailureTestExecutionListener, org.springframework.boot.test.autoconfigure.web.servlet.WebDriverTestExecutionListener, org.springframework.boot.test.autoconfigure.webservices.client.MockWebServiceServerTestExecutionListener, org.springframework.boot.test.mock.mockito.MockitoTestExecutionListener, org.springframework.boot.test.mock.mockito.ResetMocksTestExecutionListener, org.springframework.test.context.web.ServletTestExecutionListener, org.springframework.test.context.support.DirtiesContextBeforeModesTestExecutionListener, org.springframework.test.context.event.ApplicationEventsTestExecutionListener, org.springframework.test.context.support.DependencyInjectionTestExecutionListener, org.springframework.test.context.support.DirtiesContextTestExecutionListener, org.springframework.test.context.transaction.TransactionalTestExecutionListener, org.springframework.test.context.jdbc.SqlScriptsTestExecutionListener, org.springframework.test.context.event.EventPublishingTestExecutionListener]
2022-10-24 14:01:11.989  INFO 35552 --- [    Test worker] .b.t.c.SpringBootTestContextBootstrapper : Using TestExecutionListeners: [org.springframework.test.context.web.ServletTestExecutionListener@58c7073f, org.springframework.test.context.support.DirtiesContextBeforeModesTestExecutionListener@77ba34da, org.springframework.test.context.event.ApplicationEventsTestExecutionListener@44517251, org.springframework.boot.test.mock.mockito.MockitoTestExecutionListener@489541f8, org.springframework.boot.test.autoconfigure.SpringBootDependencyInjectionTestExecutionListener@280b492a, org.springframework.test.context.support.DirtiesContextTestExecutionListener@e31b415, org.springframework.test.context.transaction.TransactionalTestExecutionListener@413d8c78, org.springframework.test.context.jdbc.SqlScriptsTestExecutionListener@23458f26, org.springframework.security.test.context.support.WithSecurityContextTestExecutionListener@5175d07d, org.springframework.test.context.event.EventPublishingTestExecutionListener@5267575a, org.springframework.security.test.context.support.ReactorContextTestExecutionListener@7f145f22, org.springframework.boot.test.autoconfigure.restdocs.RestDocsTestExecutionListener@7027c359, org.springframework.boot.test.autoconfigure.web.client.MockRestServiceServerResetTestExecutionListener@f2e1318, org.springframework.boot.test.autoconfigure.web.servlet.MockMvcPrintOnlyOnFailureTestExecutionListener@671b4820, org.springframework.boot.test.autoconfigure.web.servlet.WebDriverTestExecutionListener@3aabf6ae, org.springframework.boot.test.autoconfigure.webservices.client.MockWebServiceServerTestExecutionListener@7458d7a9, org.springframework.boot.test.mock.mockito.ResetMocksTestExecutionListener@b91bce9]

  .   ____          _            __ _ _
 /\\ / ___'_ __ _ _(_)_ __  __ _ \ \ \ \
( ( )\___ | '_ | '_| | '_ \/ _` | \ \ \ \
 \\/  ___)| |_)| | | | | || (_| |  ) ) ) )
  '  |____| .__|_| |_|_| |_\__, | / / / /
 =========|_|==============|___/=/_/_/_/
 :: Spring Boot ::                (v2.7.2)

2022-10-24 14:01:12.001  INFO 35552 --- [    Test worker] c.e.j.u.u.userControllerUnitTests        : Starting userControllerUnitTests using Java 17.0.3 on DESKTOP-U0G9RCA with PID 35552 (started by tortu in C:\Users\tortu\Documents\MeiLeaf_TeaProject)
2022-10-24 14:01:12.001  INFO 35552 --- [    Test worker] c.e.j.u.u.userControllerUnitTests        : The following 1 profile is active: "test"
2022-10-24 14:01:12.099  INFO 35552 --- [    Test worker] .s.d.r.c.RepositoryConfigurationDelegate : Bootstrapping Spring Data JPA repositories in DEFAULT mode.
2022-10-24 14:01:12.138  INFO 35552 --- [    Test worker] .s.d.r.c.RepositoryConfigurationDelegate : Finished Spring Data repository scanning in 38 ms. Found 9 JPA repository interfaces.
2022-10-24 14:01:12.239  INFO 35552 --- [    Test worker] o.hibernate.jpa.internal.util.LogHelper  : HHH000204: Processing PersistenceUnitInfo [name: default]
2022-10-24 14:01:12.244  INFO 35552 --- [    Test worker] com.zaxxer.hikari.HikariDataSource       : HikariPool-8 - Starting...
2022-10-24 14:01:12.244  INFO 35552 --- [    Test worker] com.zaxxer.hikari.HikariDataSource       : HikariPool-8 - Start completed.
2022-10-24 14:01:12.244  INFO 35552 --- [    Test worker] org.hibernate.dialect.Dialect            : HHH000400: Using dialect: org.hibernate.dialect.H2Dialect
2022-10-24 14:01:12.315  INFO 35552 --- [    Test worker] o.h.e.t.j.p.i.JtaPlatformInitiator       : HHH000490: Using JtaPlatform implementation: [org.hibernate.engine.transaction.jta.platform.internal.NoJtaPlatform]
2022-10-24 14:01:12.315  INFO 35552 --- [    Test worker] j.LocalContainerEntityManagerFactoryBean : Initialized JPA EntityManagerFactory for persistence unit 'default'
2022-10-24 14:01:12.478  INFO 35552 --- [    Test worker] o.s.s.web.DefaultSecurityFilterChain     : Will secure any request with [org.springframework.security.web.session.DisableEncodeUrlFilter@1c31408f, org.springframework.security.web.context.request.async.WebAsyncManagerIntegrationFilter@67b5a089, org.springframework.security.web.context.SecurityContextPersistenceFilter@5464ad2b, org.springframework.security.web.header.HeaderWriterFilter@375112a1, org.springframework.web.filter.CorsFilter@1bdf24c0, org.springframework.security.web.authentication.logout.LogoutFilter@7706df02, com.example.jwt.core.security.CustomAuthenticationFilter@2d5bfc3a, com.example.jwt.core.security.CustomAuthorizationFilter@3bf8f426, org.springframework.security.web.savedrequest.RequestCacheAwareFilter@5cb181e3, org.springframework.security.web.servletapi.SecurityContextHolderAwareRequestFilter@63ca44ce, org.springframework.security.web.authentication.AnonymousAuthenticationFilter@7103ba38, org.springframework.security.web.session.SessionManagementFilter@6f815a8e, org.springframework.security.web.access.ExceptionTranslationFilter@2c44833f, org.springframework.security.web.access.intercept.FilterSecurityInterceptor@5ffd29e8]
2022-10-24 14:01:12.527  WARN 35552 --- [    Test worker] JpaBaseConfiguration$JpaWebConfiguration : spring.jpa.open-in-view is enabled by default. Therefore, database queries may be performed during view rendering. Explicitly configure spring.jpa.open-in-view to disable this warning
2022-10-24 14:01:12.719  INFO 35552 --- [    Test worker] o.s.b.t.m.w.SpringBootMockServletContext : Initializing Spring TestDispatcherServlet ''
2022-10-24 14:01:12.719  INFO 35552 --- [    Test worker] o.s.t.web.servlet.TestDispatcherServlet  : Initializing Servlet ''
2022-10-24 14:01:12.719  INFO 35552 --- [    Test worker] o.s.t.web.servlet.TestDispatcherServlet  : Completed initialization in 0 ms
2022-10-24 14:01:12.726  INFO 35552 --- [    Test worker] c.e.j.u.u.userControllerUnitTests        : Started userControllerUnitTests in 0.735 seconds (JVM running for 18.299)
]]></system-out>
  <system-err><![CDATA[]]></system-err>
</testsuite>
