<?xml version="1.0" encoding="UTF-8"?>
<testsuite name="com.example.jwt.integration.OrderIntegrationTests" tests="1" skipped="0" failures="0" errors="0" timestamp="2022-10-24T12:01:04" hostname="DESKTOP-U0G9RCA" time="1.527">
  <properties/>
  <testcase name="save_saveOrder_expectSavedOrderAsDTOS()" classname="com.example.jwt.integration.OrderIntegrationTests" time="1.527"/>
  <system-out><![CDATA[2022-10-24 14:01:03.180  INFO 35552 --- [    Test worker] .b.t.c.SpringBootTestContextBootstrapper : Neither @ContextConfiguration nor @ContextHierarchy found for test class [com.example.jwt.integration.OrderIntegrationTests], using SpringBootContextLoader
2022-10-24 14:01:03.180  INFO 35552 --- [    Test worker] o.s.t.c.support.AbstractContextLoader    : Could not detect default resource locations for test class [com.example.jwt.integration.OrderIntegrationTests]: no resource found for suffixes {-context.xml, Context.groovy}.
2022-10-24 14:01:03.180  INFO 35552 --- [    Test worker] t.c.s.AnnotationConfigContextLoaderUtils : Could not detect default configuration classes for test class [com.example.jwt.integration.OrderIntegrationTests]: OrderIntegrationTests does not declare any static, non-private, non-final, nested classes annotated with @Configuration.
2022-10-24 14:01:03.189  INFO 35552 --- [    Test worker] .b.t.c.SpringBootTestContextBootstrapper : Found @SpringBootConfiguration com.example.jwt.JwtApplication for test class com.example.jwt.integration.OrderIntegrationTests
2022-10-24 14:01:03.190  INFO 35552 --- [    Test worker] .b.t.c.SpringBootTestContextBootstrapper : Loaded default TestExecutionListener class names from location [META-INF/spring.factories]: [org.springframework.security.test.context.support.WithSecurityContextTestExecutionListener, org.springframework.security.test.context.support.ReactorContextTestExecutionListener, org.springframework.boot.test.autoconfigure.restdocs.RestDocsTestExecutionListener, org.springframework.boot.test.autoconfigure.web.client.MockRestServiceServerResetTestExecutionListener, org.springframework.boot.test.autoconfigure.web.servlet.MockMvcPrintOnlyOnFailureTestExecutionListener, org.springframework.boot.test.autoconfigure.web.servlet.WebDriverTestExecutionListener, org.springframework.boot.test.autoconfigure.webservices.client.MockWebServiceServerTestExecutionListener, org.springframework.boot.test.mock.mockito.MockitoTestExecutionListener, org.springframework.boot.test.mock.mockito.ResetMocksTestExecutionListener, org.springframework.test.context.web.ServletTestExecutionListener, org.springframework.test.context.support.DirtiesContextBeforeModesTestExecutionListener, org.springframework.test.context.event.ApplicationEventsTestExecutionListener, org.springframework.test.context.support.DependencyInjectionTestExecutionListener, org.springframework.test.context.support.DirtiesContextTestExecutionListener, org.springframework.test.context.transaction.TransactionalTestExecutionListener, org.springframework.test.context.jdbc.SqlScriptsTestExecutionListener, org.springframework.test.context.event.EventPublishingTestExecutionListener]
2022-10-24 14:01:03.191  INFO 35552 --- [    Test worker] .b.t.c.SpringBootTestContextBootstrapper : Using TestExecutionListeners: [org.springframework.test.context.web.ServletTestExecutionListener@3d273300, org.springframework.test.context.support.DirtiesContextBeforeModesTestExecutionListener@3fe7c87c, org.springframework.test.context.event.ApplicationEventsTestExecutionListener@5c04685, org.springframework.boot.test.mock.mockito.MockitoTestExecutionListener@5bbb351e, org.springframework.boot.test.autoconfigure.SpringBootDependencyInjectionTestExecutionListener@5f80b25a, org.springframework.test.context.support.DirtiesContextTestExecutionListener@5e2525fe, org.springframework.test.context.transaction.TransactionalTestExecutionListener@59d6a4d1, org.springframework.test.context.jdbc.SqlScriptsTestExecutionListener@5b476930, org.springframework.security.test.context.support.WithSecurityContextTestExecutionListener@18f1260, org.springframework.test.context.event.EventPublishingTestExecutionListener@7672dd7a, org.springframework.security.test.context.support.ReactorContextTestExecutionListener@1aee0f49, org.springframework.boot.test.autoconfigure.restdocs.RestDocsTestExecutionListener@7a80ebcd, org.springframework.boot.test.autoconfigure.web.client.MockRestServiceServerResetTestExecutionListener@365eaef, org.springframework.boot.test.autoconfigure.web.servlet.MockMvcPrintOnlyOnFailureTestExecutionListener@631c6ef4, org.springframework.boot.test.autoconfigure.web.servlet.WebDriverTestExecutionListener@9e2b199, org.springframework.boot.test.autoconfigure.webservices.client.MockWebServiceServerTestExecutionListener@7441edeb, org.springframework.boot.test.mock.mockito.ResetMocksTestExecutionListener@58df431e]

  .   ____          _            __ _ _
 /\\ / ___'_ __ _ _(_)_ __  __ _ \ \ \ \
( ( )\___ | '_ | '_| | '_ \/ _` | \ \ \ \
 \\/  ___)| |_)| | | | | || (_| |  ) ) ) )
  '  |____| .__|_| |_|_| |_\__, | / / / /
 =========|_|==============|___/=/_/_/_/
 :: Spring Boot ::                (v2.7.2)

2022-10-24 14:01:03.211  INFO 35552 --- [    Test worker] c.e.j.integration.OrderIntegrationTests  : Starting OrderIntegrationTests using Java 17.0.3 on DESKTOP-U0G9RCA with PID 35552 (started by tortu in C:\Users\tortu\Documents\MeiLeaf_TeaProject)
2022-10-24 14:01:03.211  INFO 35552 --- [    Test worker] c.e.j.integration.OrderIntegrationTests  : The following 1 profile is active: "test"
2022-10-24 14:01:03.344  INFO 35552 --- [    Test worker] .s.d.r.c.RepositoryConfigurationDelegate : Bootstrapping Spring Data JPA repositories in DEFAULT mode.
2022-10-24 14:01:03.377  INFO 35552 --- [    Test worker] .s.d.r.c.RepositoryConfigurationDelegate : Finished Spring Data repository scanning in 32 ms. Found 9 JPA repository interfaces.
2022-10-24 14:01:03.540  INFO 35552 --- [    Test worker] o.hibernate.jpa.internal.util.LogHelper  : HHH000204: Processing PersistenceUnitInfo [name: default]
2022-10-24 14:01:03.545  INFO 35552 --- [    Test worker] com.zaxxer.hikari.HikariDataSource       : HikariPool-2 - Starting...
2022-10-24 14:01:03.722  INFO 35552 --- [    Test worker] com.zaxxer.hikari.HikariDataSource       : HikariPool-2 - Start completed.
2022-10-24 14:01:03.725  INFO 35552 --- [    Test worker] org.hibernate.dialect.Dialect            : HHH000400: Using dialect: org.hibernate.dialect.H2Dialect
2022-10-24 14:01:03.865  INFO 35552 --- [    Test worker] o.h.e.t.j.p.i.JtaPlatformInitiator       : HHH000490: Using JtaPlatform implementation: [org.hibernate.engine.transaction.jta.platform.internal.NoJtaPlatform]
2022-10-24 14:01:03.866  INFO 35552 --- [    Test worker] j.LocalContainerEntityManagerFactoryBean : Initialized JPA EntityManagerFactory for persistence unit 'default'
2022-10-24 14:01:04.076  INFO 35552 --- [    Test worker] o.s.s.web.DefaultSecurityFilterChain     : Will secure any request with [org.springframework.security.web.session.DisableEncodeUrlFilter@27959922, org.springframework.security.web.context.request.async.WebAsyncManagerIntegrationFilter@794daa09, org.springframework.security.web.context.SecurityContextPersistenceFilter@4ce1ab4c, org.springframework.security.web.header.HeaderWriterFilter@ba77dc6, org.springframework.web.filter.CorsFilter@796267e8, org.springframework.security.web.authentication.logout.LogoutFilter@5b628249, com.example.jwt.core.security.CustomAuthenticationFilter@676c3745, com.example.jwt.core.security.CustomAuthorizationFilter@6cbbfe03, org.springframework.security.web.savedrequest.RequestCacheAwareFilter@3c62bae5, org.springframework.security.web.servletapi.SecurityContextHolderAwareRequestFilter@c9ba9e2, org.springframework.security.web.authentication.AnonymousAuthenticationFilter@78b20c7f, org.springframework.security.web.session.SessionManagementFilter@14f05ca0, org.springframework.security.web.access.ExceptionTranslationFilter@1cad8bce, org.springframework.security.web.access.intercept.FilterSecurityInterceptor@4b6abf4e]
2022-10-24 14:01:04.139  WARN 35552 --- [    Test worker] JpaBaseConfiguration$JpaWebConfiguration : spring.jpa.open-in-view is enabled by default. Therefore, database queries may be performed during view rendering. Explicitly configure spring.jpa.open-in-view to disable this warning
2022-10-24 14:01:04.405  INFO 35552 --- [    Test worker] o.s.b.t.m.w.SpringBootMockServletContext : Initializing Spring TestDispatcherServlet ''
2022-10-24 14:01:04.406  INFO 35552 --- [    Test worker] o.s.t.web.servlet.TestDispatcherServlet  : Initializing Servlet ''
2022-10-24 14:01:04.406  INFO 35552 --- [    Test worker] o.s.t.web.servlet.TestDispatcherServlet  : Completed initialization in 0 ms
2022-10-24 14:01:04.420  INFO 35552 --- [    Test worker] c.e.j.integration.OrderIntegrationTests  : Started OrderIntegrationTests in 1.228 seconds (JVM running for 9.994)
2022-10-24 14:01:04.438  INFO 35552 --- [    Test worker] j.LocalContainerEntityManagerFactoryBean : Closing JPA EntityManagerFactory for persistence unit 'default'
2022-10-24 14:01:04.439  INFO 35552 --- [    Test worker] com.zaxxer.hikari.HikariDataSource       : HikariPool-2 - Shutdown initiated...
2022-10-24 14:01:04.441  INFO 35552 --- [    Test worker] com.zaxxer.hikari.HikariDataSource       : HikariPool-2 - Shutdown completed.

  .   ____          _            __ _ _
 /\\ / ___'_ __ _ _(_)_ __  __ _ \ \ \ \
( ( )\___ | '_ | '_| | '_ \/ _` | \ \ \ \
 \\/  ___)| |_)| | | | | || (_| |  ) ) ) )
  '  |____| .__|_| |_|_| |_\__, | / / / /
 =========|_|==============|___/=/_/_/_/
 :: Spring Boot ::                (v2.7.2)

2022-10-24 14:01:04.461  INFO 35552 --- [    Test worker] c.e.j.integration.OrderIntegrationTests  : Starting OrderIntegrationTests using Java 17.0.3 on DESKTOP-U0G9RCA with PID 35552 (started by tortu in C:\Users\tortu\Documents\MeiLeaf_TeaProject)
2022-10-24 14:01:04.461  INFO 35552 --- [    Test worker] c.e.j.integration.OrderIntegrationTests  : The following 1 profile is active: "test"
2022-10-24 14:01:04.607  INFO 35552 --- [    Test worker] .s.d.r.c.RepositoryConfigurationDelegate : Bootstrapping Spring Data JPA repositories in DEFAULT mode.
2022-10-24 14:01:04.641  INFO 35552 --- [    Test worker] .s.d.r.c.RepositoryConfigurationDelegate : Finished Spring Data repository scanning in 33 ms. Found 9 JPA repository interfaces.
2022-10-24 14:01:04.774  INFO 35552 --- [    Test worker] o.hibernate.jpa.internal.util.LogHelper  : HHH000204: Processing PersistenceUnitInfo [name: default]
2022-10-24 14:01:04.779  INFO 35552 --- [    Test worker] com.zaxxer.hikari.HikariDataSource       : HikariPool-3 - Starting...
2022-10-24 14:01:04.781  INFO 35552 --- [    Test worker] com.zaxxer.hikari.HikariDataSource       : HikariPool-3 - Start completed.
2022-10-24 14:01:04.782  INFO 35552 --- [    Test worker] org.hibernate.dialect.Dialect            : HHH000400: Using dialect: org.hibernate.dialect.H2Dialect
2022-10-24 14:01:04.877  INFO 35552 --- [    Test worker] o.h.e.t.j.p.i.JtaPlatformInitiator       : HHH000490: Using JtaPlatform implementation: [org.hibernate.engine.transaction.jta.platform.internal.NoJtaPlatform]
2022-10-24 14:01:04.878  INFO 35552 --- [    Test worker] j.LocalContainerEntityManagerFactoryBean : Initialized JPA EntityManagerFactory for persistence unit 'default'
2022-10-24 14:01:05.128  INFO 35552 --- [    Test worker] o.s.s.web.DefaultSecurityFilterChain     : Will secure any request with [org.springframework.security.web.session.DisableEncodeUrlFilter@4c5d934b, org.springframework.security.web.context.request.async.WebAsyncManagerIntegrationFilter@150eab74, org.springframework.security.web.context.SecurityContextPersistenceFilter@79a15001, org.springframework.security.web.header.HeaderWriterFilter@4528a8bf, org.springframework.web.filter.CorsFilter@4d2dc60, org.springframework.security.web.authentication.logout.LogoutFilter@66227940, com.example.jwt.core.security.CustomAuthenticationFilter@43f670f3, com.example.jwt.core.security.CustomAuthorizationFilter@6311640d, org.springframework.security.web.savedrequest.RequestCacheAwareFilter@320bfc61, org.springframework.security.web.servletapi.SecurityContextHolderAwareRequestFilter@3266c7cf, org.springframework.security.web.authentication.AnonymousAuthenticationFilter@3a42610, org.springframework.security.web.session.SessionManagementFilter@1927c2c6, org.springframework.security.web.access.ExceptionTranslationFilter@4471f216, org.springframework.security.web.access.intercept.FilterSecurityInterceptor@c197f46]
2022-10-24 14:01:05.272  WARN 35552 --- [    Test worker] JpaBaseConfiguration$JpaWebConfiguration : spring.jpa.open-in-view is enabled by default. Therefore, database queries may be performed during view rendering. Explicitly configure spring.jpa.open-in-view to disable this warning
2022-10-24 14:01:05.627  INFO 35552 --- [    Test worker] o.s.b.t.m.w.SpringBootMockServletContext : Initializing Spring TestDispatcherServlet ''
2022-10-24 14:01:05.627  INFO 35552 --- [    Test worker] o.s.t.web.servlet.TestDispatcherServlet  : Initializing Servlet ''
2022-10-24 14:01:05.627  INFO 35552 --- [    Test worker] o.s.t.web.servlet.TestDispatcherServlet  : Completed initialization in 0 ms
2022-10-24 14:01:05.633  INFO 35552 --- [    Test worker] c.e.j.integration.OrderIntegrationTests  : Started OrderIntegrationTests in 1.19 seconds (JVM running for 11.207)
]]></system-out>
  <system-err><![CDATA[]]></system-err>
</testsuite>
