<?xml version="1.0" encoding="UTF-8"?>
<testsuite name="com.example.jwt.integration.RankIntegrationTests" tests="1" skipped="0" failures="0" errors="0" timestamp="2022-10-24T12:01:06" hostname="DESKTOP-U0G9RCA" time="1.345">
  <properties/>
  <testcase name="findAll_findAllRanks_expectAllRanksAsDTOS()" classname="com.example.jwt.integration.RankIntegrationTests" time="1.345"/>
  <system-out><![CDATA[2022-10-24 14:01:05.962  INFO 35552 --- [    Test worker] .b.t.c.SpringBootTestContextBootstrapper : Neither @ContextConfiguration nor @ContextHierarchy found for test class [com.example.jwt.integration.RankIntegrationTests], using SpringBootContextLoader
2022-10-24 14:01:05.962  INFO 35552 --- [    Test worker] o.s.t.c.support.AbstractContextLoader    : Could not detect default resource locations for test class [com.example.jwt.integration.RankIntegrationTests]: no resource found for suffixes {-context.xml, Context.groovy}.
2022-10-24 14:01:05.962  INFO 35552 --- [    Test worker] t.c.s.AnnotationConfigContextLoaderUtils : Could not detect default configuration classes for test class [com.example.jwt.integration.RankIntegrationTests]: RankIntegrationTests does not declare any static, non-private, non-final, nested classes annotated with @Configuration.
2022-10-24 14:01:05.964  INFO 35552 --- [    Test worker] .b.t.c.SpringBootTestContextBootstrapper : Found @SpringBootConfiguration com.example.jwt.JwtApplication for test class com.example.jwt.integration.RankIntegrationTests
2022-10-24 14:01:05.965  INFO 35552 --- [    Test worker] .b.t.c.SpringBootTestContextBootstrapper : Loaded default TestExecutionListener class names from location [META-INF/spring.factories]: [org.springframework.security.test.context.support.WithSecurityContextTestExecutionListener, org.springframework.security.test.context.support.ReactorContextTestExecutionListener, org.springframework.boot.test.autoconfigure.restdocs.RestDocsTestExecutionListener, org.springframework.boot.test.autoconfigure.web.client.MockRestServiceServerResetTestExecutionListener, org.springframework.boot.test.autoconfigure.web.servlet.MockMvcPrintOnlyOnFailureTestExecutionListener, org.springframework.boot.test.autoconfigure.web.servlet.WebDriverTestExecutionListener, org.springframework.boot.test.autoconfigure.webservices.client.MockWebServiceServerTestExecutionListener, org.springframework.boot.test.mock.mockito.MockitoTestExecutionListener, org.springframework.boot.test.mock.mockito.ResetMocksTestExecutionListener, org.springframework.test.context.web.ServletTestExecutionListener, org.springframework.test.context.support.DirtiesContextBeforeModesTestExecutionListener, org.springframework.test.context.event.ApplicationEventsTestExecutionListener, org.springframework.test.context.support.DependencyInjectionTestExecutionListener, org.springframework.test.context.support.DirtiesContextTestExecutionListener, org.springframework.test.context.transaction.TransactionalTestExecutionListener, org.springframework.test.context.jdbc.SqlScriptsTestExecutionListener, org.springframework.test.context.event.EventPublishingTestExecutionListener]
2022-10-24 14:01:05.966  INFO 35552 --- [    Test worker] .b.t.c.SpringBootTestContextBootstrapper : Using TestExecutionListeners: [org.springframework.test.context.web.ServletTestExecutionListener@34672fb, org.springframework.test.context.support.DirtiesContextBeforeModesTestExecutionListener@3387d45e, org.springframework.test.context.event.ApplicationEventsTestExecutionListener@3f693a39, org.springframework.boot.test.mock.mockito.MockitoTestExecutionListener@787f97b, org.springframework.boot.test.autoconfigure.SpringBootDependencyInjectionTestExecutionListener@37e682da, org.springframework.test.context.support.DirtiesContextTestExecutionListener@3ace955c, org.springframework.test.context.transaction.TransactionalTestExecutionListener@4c00c8ce, org.springframework.test.context.jdbc.SqlScriptsTestExecutionListener@7474bc14, org.springframework.security.test.context.support.WithSecurityContextTestExecutionListener@77070012, org.springframework.test.context.event.EventPublishingTestExecutionListener@39ad1fdb, org.springframework.security.test.context.support.ReactorContextTestExecutionListener@7321f698, org.springframework.boot.test.autoconfigure.restdocs.RestDocsTestExecutionListener@22e470f4, org.springframework.boot.test.autoconfigure.web.client.MockRestServiceServerResetTestExecutionListener@6dace32a, org.springframework.boot.test.autoconfigure.web.servlet.MockMvcPrintOnlyOnFailureTestExecutionListener@3c2e7a83, org.springframework.boot.test.autoconfigure.web.servlet.WebDriverTestExecutionListener@40c7cea8, org.springframework.boot.test.autoconfigure.webservices.client.MockWebServiceServerTestExecutionListener@41a56594, org.springframework.boot.test.mock.mockito.ResetMocksTestExecutionListener@4b1a7b39]

  .   ____          _            __ _ _
 /\\ / ___'_ __ _ _(_)_ __  __ _ \ \ \ \
( ( )\___ | '_ | '_| | '_ \/ _` | \ \ \ \
 \\/  ___)| |_)| | | | | || (_| |  ) ) ) )
  '  |____| .__|_| |_|_| |_\__, | / / / /
 =========|_|==============|___/=/_/_/_/
 :: Spring Boot ::                (v2.7.2)

2022-10-24 14:01:05.980  INFO 35552 --- [    Test worker] c.e.j.integration.RankIntegrationTests   : Starting RankIntegrationTests using Java 17.0.3 on DESKTOP-U0G9RCA with PID 35552 (started by tortu in C:\Users\tortu\Documents\MeiLeaf_TeaProject)
2022-10-24 14:01:05.980  INFO 35552 --- [    Test worker] c.e.j.integration.RankIntegrationTests   : The following 1 profile is active: "test_rank"
2022-10-24 14:01:06.110  INFO 35552 --- [    Test worker] .s.d.r.c.RepositoryConfigurationDelegate : Bootstrapping Spring Data JPA repositories in DEFAULT mode.
2022-10-24 14:01:06.147  INFO 35552 --- [    Test worker] .s.d.r.c.RepositoryConfigurationDelegate : Finished Spring Data repository scanning in 36 ms. Found 9 JPA repository interfaces.
2022-10-24 14:01:06.293  INFO 35552 --- [    Test worker] o.hibernate.jpa.internal.util.LogHelper  : HHH000204: Processing PersistenceUnitInfo [name: default]
2022-10-24 14:01:06.299  INFO 35552 --- [    Test worker] com.zaxxer.hikari.HikariDataSource       : HikariPool-4 - Starting...
2022-10-24 14:01:06.301  INFO 35552 --- [    Test worker] com.zaxxer.hikari.HikariDataSource       : HikariPool-4 - Start completed.
2022-10-24 14:01:06.301  INFO 35552 --- [    Test worker] org.hibernate.dialect.Dialect            : HHH000400: Using dialect: org.hibernate.dialect.H2Dialect
2022-10-24 14:01:06.388  INFO 35552 --- [    Test worker] o.h.e.t.j.p.i.JtaPlatformInitiator       : HHH000490: Using JtaPlatform implementation: [org.hibernate.engine.transaction.jta.platform.internal.NoJtaPlatform]
2022-10-24 14:01:06.388  INFO 35552 --- [    Test worker] j.LocalContainerEntityManagerFactoryBean : Initialized JPA EntityManagerFactory for persistence unit 'default'
2022-10-24 14:01:06.583  INFO 35552 --- [    Test worker] o.s.s.web.DefaultSecurityFilterChain     : Will secure any request with [org.springframework.security.web.session.DisableEncodeUrlFilter@7ef35d1f, org.springframework.security.web.context.request.async.WebAsyncManagerIntegrationFilter@2abc6965, org.springframework.security.web.context.SecurityContextPersistenceFilter@101d4a4e, org.springframework.security.web.header.HeaderWriterFilter@66b8f244, org.springframework.web.filter.CorsFilter@149ca998, org.springframework.security.web.authentication.logout.LogoutFilter@7da4486, com.example.jwt.core.security.CustomAuthenticationFilter@159c9c91, com.example.jwt.core.security.CustomAuthorizationFilter@71e32098, org.springframework.security.web.savedrequest.RequestCacheAwareFilter@46dc6087, org.springframework.security.web.servletapi.SecurityContextHolderAwareRequestFilter@675790ca, org.springframework.security.web.authentication.AnonymousAuthenticationFilter@385d9880, org.springframework.security.web.session.SessionManagementFilter@1161786f, org.springframework.security.web.access.ExceptionTranslationFilter@162807e5, org.springframework.security.web.access.intercept.FilterSecurityInterceptor@23b456ac]
2022-10-24 14:01:06.644  WARN 35552 --- [    Test worker] JpaBaseConfiguration$JpaWebConfiguration : spring.jpa.open-in-view is enabled by default. Therefore, database queries may be performed during view rendering. Explicitly configure spring.jpa.open-in-view to disable this warning
2022-10-24 14:01:06.897  INFO 35552 --- [    Test worker] o.s.b.t.m.w.SpringBootMockServletContext : Initializing Spring TestDispatcherServlet ''
2022-10-24 14:01:06.897  INFO 35552 --- [    Test worker] o.s.t.web.servlet.TestDispatcherServlet  : Initializing Servlet ''
2022-10-24 14:01:06.897  INFO 35552 --- [    Test worker] o.s.t.web.servlet.TestDispatcherServlet  : Completed initialization in 0 ms
2022-10-24 14:01:06.906  INFO 35552 --- [    Test worker] c.e.j.integration.RankIntegrationTests   : Started RankIntegrationTests in 0.939 seconds (JVM running for 12.48)
2022-10-24 14:01:06.911  INFO 35552 --- [    Test worker] j.LocalContainerEntityManagerFactoryBean : Closing JPA EntityManagerFactory for persistence unit 'default'
2022-10-24 14:01:06.911  INFO 35552 --- [    Test worker] com.zaxxer.hikari.HikariDataSource       : HikariPool-4 - Shutdown initiated...
2022-10-24 14:01:06.912  INFO 35552 --- [    Test worker] com.zaxxer.hikari.HikariDataSource       : HikariPool-4 - Shutdown completed.

  .   ____          _            __ _ _
 /\\ / ___'_ __ _ _(_)_ __  __ _ \ \ \ \
( ( )\___ | '_ | '_| | '_ \/ _` | \ \ \ \
 \\/  ___)| |_)| | | | | || (_| |  ) ) ) )
  '  |____| .__|_| |_|_| |_\__, | / / / /
 =========|_|==============|___/=/_/_/_/
 :: Spring Boot ::                (v2.7.2)

2022-10-24 14:01:06.932  INFO 35552 --- [    Test worker] c.e.j.integration.RankIntegrationTests   : Starting RankIntegrationTests using Java 17.0.3 on DESKTOP-U0G9RCA with PID 35552 (started by tortu in C:\Users\tortu\Documents\MeiLeaf_TeaProject)
2022-10-24 14:01:06.932  INFO 35552 --- [    Test worker] c.e.j.integration.RankIntegrationTests   : The following 1 profile is active: "test_rank"
2022-10-24 14:01:07.138  INFO 35552 --- [    Test worker] .s.d.r.c.RepositoryConfigurationDelegate : Bootstrapping Spring Data JPA repositories in DEFAULT mode.
2022-10-24 14:01:07.170  INFO 35552 --- [    Test worker] .s.d.r.c.RepositoryConfigurationDelegate : Finished Spring Data repository scanning in 31 ms. Found 9 JPA repository interfaces.
2022-10-24 14:01:07.308  INFO 35552 --- [    Test worker] o.hibernate.jpa.internal.util.LogHelper  : HHH000204: Processing PersistenceUnitInfo [name: default]
2022-10-24 14:01:07.315  INFO 35552 --- [    Test worker] com.zaxxer.hikari.HikariDataSource       : HikariPool-5 - Starting...
2022-10-24 14:01:07.317  INFO 35552 --- [    Test worker] com.zaxxer.hikari.HikariDataSource       : HikariPool-5 - Start completed.
2022-10-24 14:01:07.318  INFO 35552 --- [    Test worker] org.hibernate.dialect.Dialect            : HHH000400: Using dialect: org.hibernate.dialect.H2Dialect
2022-10-24 14:01:07.430  INFO 35552 --- [    Test worker] o.h.e.t.j.p.i.JtaPlatformInitiator       : HHH000490: Using JtaPlatform implementation: [org.hibernate.engine.transaction.jta.platform.internal.NoJtaPlatform]
2022-10-24 14:01:07.430  INFO 35552 --- [    Test worker] j.LocalContainerEntityManagerFactoryBean : Initialized JPA EntityManagerFactory for persistence unit 'default'
2022-10-24 14:01:07.706  INFO 35552 --- [    Test worker] o.s.s.web.DefaultSecurityFilterChain     : Will secure any request with [org.springframework.security.web.session.DisableEncodeUrlFilter@6fe40fa8, org.springframework.security.web.context.request.async.WebAsyncManagerIntegrationFilter@37f76752, org.springframework.security.web.context.SecurityContextPersistenceFilter@7ca0b2cf, org.springframework.security.web.header.HeaderWriterFilter@670738b2, org.springframework.web.filter.CorsFilter@48f7f8cc, org.springframework.security.web.authentication.logout.LogoutFilter@3412a1dd, com.example.jwt.core.security.CustomAuthenticationFilter@29c15c32, com.example.jwt.core.security.CustomAuthorizationFilter@66979fed, org.springframework.security.web.savedrequest.RequestCacheAwareFilter@3d6fe206, org.springframework.security.web.servletapi.SecurityContextHolderAwareRequestFilter@63f38fb1, org.springframework.security.web.authentication.AnonymousAuthenticationFilter@6a56a99a, org.springframework.security.web.session.SessionManagementFilter@56ff0feb, org.springframework.security.web.access.ExceptionTranslationFilter@5402b18c, org.springframework.security.web.access.intercept.FilterSecurityInterceptor@7c83aa9a]
2022-10-24 14:01:07.816  WARN 35552 --- [    Test worker] JpaBaseConfiguration$JpaWebConfiguration : spring.jpa.open-in-view is enabled by default. Therefore, database queries may be performed during view rendering. Explicitly configure spring.jpa.open-in-view to disable this warning
2022-10-24 14:01:08.130  INFO 35552 --- [    Test worker] o.s.b.t.m.w.SpringBootMockServletContext : Initializing Spring TestDispatcherServlet ''
2022-10-24 14:01:08.130  INFO 35552 --- [    Test worker] o.s.t.web.servlet.TestDispatcherServlet  : Initializing Servlet ''
2022-10-24 14:01:08.130  INFO 35552 --- [    Test worker] o.s.t.web.servlet.TestDispatcherServlet  : Completed initialization in 0 ms
2022-10-24 14:01:08.135  INFO 35552 --- [    Test worker] c.e.j.integration.RankIntegrationTests   : Started RankIntegrationTests in 1.222 seconds (JVM running for 13.709)
]]></system-out>
  <system-err><![CDATA[]]></system-err>
</testsuite>
